[LINE:60]# INFO     [2021-04-05 15:11:48,422]  Ack Nr: "314603311"
[LINE:61]# INFO     [2021-04-05 15:11:48,422]  Checksum: "30220"
[LINE:62]# INFO     [2021-04-05 15:11:48,422]  Window: "4"
[LINE:197]# INFO     [2021-04-05 15:11:48,429]  Content primit: "b'\x12\xc0w2v\x08\x00\x05'"
[LINE:224]# INFO     [2021-04-05 15:11:48,446]  Ack Nr: "314603314"
[LINE:225]# INFO     [2021-04-05 15:11:48,446]  Checksum: "30216"
[LINE:226]# INFO     [2021-04-05 15:11:48,446]  Window: "5"
[LINE:197]# INFO     [2021-04-05 15:11:48,531]  Content primit: "b'\x12\xc0w3v\n\x00\x02'"
[LINE:224]# INFO     [2021-04-05 15:11:48,543]  Ack Nr: "314603315"
[LINE:225]# INFO     [2021-04-05 15:11:48,543]  Checksum: "30218"
[LINE:226]# INFO     [2021-04-05 15:11:48,543]  Window: "2"
[LINE:197]# INFO     [2021-04-05 15:11:48,549]  Content primit: "b'\x12\xc0w0v\x0e\x00\x01'"
[LINE:224]# INFO     [2021-04-05 15:11:48,559]  Ack Nr: "314603312"
[LINE:225]# INFO     [2021-04-05 15:11:48,559]  Checksum: "30222"
[LINE:226]# INFO     [2021-04-05 15:11:48,559]  Window: "1"
[LINE:197]# INFO     [2021-04-05 15:11:48,565]  Content primit: "b'\x12\xc0w1v\t\x00\x05'"
[LINE:224]# INFO     [2021-04-05 15:11:48,565]  Ack Nr: "314603313"
[LINE:225]# INFO     [2021-04-05 15:11:48,565]  Checksum: "30217"
[LINE:226]# INFO     [2021-04-05 15:11:48,565]  Window: "5"
[LINE:197]# INFO     [2021-04-05 15:11:48,565]  Content primit: "b'\x12\xc0w4v\x07\x00\x04'"
[LINE:224]# INFO     [2021-04-05 15:11:48,590]  Ack Nr: "314603316"
[LINE:225]# INFO     [2021-04-05 15:11:48,590]  Checksum: "30215"
[LINE:226]# INFO     [2021-04-05 15:11:48,590]  Window: "4"
[LINE:197]# INFO     [2021-04-05 15:11:48,673]  Content primit: "b'\x12\xc0w6v\x06\x00\x03'"
[LINE:224]# INFO     [2021-04-05 15:11:48,685]  Ack Nr: "314603318"
[LINE:225]# INFO     [2021-04-05 15:11:48,685]  Checksum: "30214"
[LINE:226]# INFO     [2021-04-05 15:11:48,685]  Window: "3"
[LINE:197]# INFO     [2021-04-05 15:11:48,691]  Content primit: "b'\x12\xc0w7v\x06\x00\x02'"
[LINE:224]# INFO     [2021-04-05 15:11:48,700]  Ack Nr: "314603319"
[LINE:225]# INFO     [2021-04-05 15:11:48,700]  Checksum: "30214"
[LINE:226]# INFO     [2021-04-05 15:11:48,700]  Window: "2"
[LINE:197]# INFO     [2021-04-05 15:11:48,701]  Content primit: "b'\x12\xc0w5v\x06\x00\x04'"
[LINE:224]# INFO     [2021-04-05 15:11:48,706]  Ack Nr: "314603317"
[LINE:225]# INFO     [2021-04-05 15:11:48,706]  Checksum: "30214"
[LINE:226]# INFO     [2021-04-05 15:11:48,706]  Window: "4"
[LINE:197]# INFO     [2021-04-05 15:11:48,808]  Content primit: "b'\x12\xc0w:v\x04\x00\x01'"
[LINE:224]# INFO     [2021-04-05 15:11:48,818]  Ack Nr: "314603322"
[LINE:225]# INFO     [2021-04-05 15:11:48,819]  Checksum: "30212"
[LINE:226]# INFO     [2021-04-05 15:11:48,819]  Window: "1"
[LINE:197]# INFO     [2021-04-05 15:11:48,824]  Content primit: "b'\x12\xc0w9v\x04\x00\x02'"
[LINE:224]# INFO     [2021-04-05 15:11:48,835]  Ack Nr: "314603321"
[LINE:225]# INFO     [2021-04-05 15:11:48,835]  Checksum: "30212"
[LINE:226]# INFO     [2021-04-05 15:11:48,835]  Window: "2"
[LINE:197]# INFO     [2021-04-05 15:11:48,840]  Content primit: "b'\x12\xc0w;u\xff\x00\x05'"
[LINE:224]# INFO     [2021-04-05 15:11:48,846]  Ack Nr: "314603323"
[LINE:225]# INFO     [2021-04-05 15:11:48,846]  Checksum: "30207"
[LINE:226]# INFO     [2021-04-05 15:11:48,846]  Window: "5"
[LINE:197]# INFO     [2021-04-05 15:11:48,942]  Content primit: "b'\x12\xc0w<v\x00\x00\x03'"
[LINE:224]# INFO     [2021-04-05 15:11:48,947]  Ack Nr: "314603324"
[LINE:225]# INFO     [2021-04-05 15:11:48,947]  Checksum: "30208"
[LINE:226]# INFO     [2021-04-05 15:11:48,947]  Window: "3"
[LINE:197]# INFO     [2021-04-05 15:11:49,686]  Content primit: "b'\x12\xc0w8v\x02\x00\x05'"
[LINE:224]# INFO     [2021-04-05 15:11:49,686]  Ack Nr: "314603320"
[LINE:225]# INFO     [2021-04-05 15:11:49,686]  Checksum: "30210"
[LINE:226]# INFO     [2021-04-05 15:11:49,686]  Window: "5"
[LINE:197]# INFO     [2021-04-05 15:11:49,791]  Content primit: "b'\x12\xc0w>u\xfd\x00\x04'"
[LINE:224]# INFO     [2021-04-05 15:11:49,791]  Ack Nr: "314603326"
[LINE:225]# INFO     [2021-04-05 15:11:49,791]  Checksum: "30205"
[LINE:226]# INFO     [2021-04-05 15:11:49,791]  Window: "4"
[LINE:197]# INFO     [2021-04-05 15:11:49,796]  Content primit: "b'\x12\xc0w?u\xfe\x00\x02'"
[LINE:224]# INFO     [2021-04-05 15:11:49,802]  Ack Nr: "314603327"
[LINE:225]# INFO     [2021-04-05 15:11:49,802]  Checksum: "30206"
[LINE:226]# INFO     [2021-04-05 15:11:49,802]  Window: "2"
[LINE:197]# INFO     [2021-04-05 15:11:49,812]  Content primit: "b'\x12\xc0w@u\xfa\x00\x05'"
[LINE:224]# INFO     [2021-04-05 15:11:49,817]  Ack Nr: "314603328"
[LINE:225]# INFO     [2021-04-05 15:11:49,818]  Checksum: "30202"
[LINE:226]# INFO     [2021-04-05 15:11:49,818]  Window: "5"
[LINE:197]# INFO     [2021-04-05 15:11:49,823]  Content primit: "b'\x12\xc0w=v\x00\x00\x02'"
[LINE:224]# INFO     [2021-04-05 15:11:49,828]  Ack Nr: "314603325"
[LINE:225]# INFO     [2021-04-05 15:11:49,828]  Checksum: "30208"
[LINE:226]# INFO     [2021-04-05 15:11:49,828]  Window: "2"
[LINE:197]# INFO     [2021-04-05 15:11:49,828]  Content primit: "b'\x12\xc0wAu\xf9\x00\x05'"
[LINE:224]# INFO     [2021-04-05 15:11:49,830]  Ack Nr: "314603329"
[LINE:225]# INFO     [2021-04-05 15:11:49,830]  Checksum: "30201"
[LINE:226]# INFO     [2021-04-05 15:11:49,830]  Window: "5"
[LINE:197]# INFO     [2021-04-05 15:11:49,927]  Content primit: "b'\x12\xc0wEu\xf9\x00\x01'"
[LINE:224]# INFO     [2021-04-05 15:11:49,927]  Ack Nr: "314603333"
[LINE:225]# INFO     [2021-04-05 15:11:49,927]  Checksum: "30201"
[LINE:226]# INFO     [2021-04-05 15:11:49,927]  Window: "1"
[LINE:197]# INFO     [2021-04-05 15:11:49,944]  Content primit: "b'\x12\xc0wFu\xf4\x00\x05'"
[LINE:224]# INFO     [2021-04-05 15:11:49,950]  Ack Nr: "314603334"
[LINE:225]# INFO     [2021-04-05 15:11:49,950]  Checksum: "30196"
[LINE:226]# INFO     [2021-04-05 15:11:49,950]  Window: "5"
[LINE:197]# INFO     [2021-04-05 15:11:50,936]  Content primit: "b'\x12\xc0wBu\xfc\x00\x01'"
[LINE:224]# INFO     [2021-04-05 15:11:50,941]  Ack Nr: "314603330"
[LINE:225]# INFO     [2021-04-05 15:11:50,941]  Checksum: "30204"
[LINE:226]# INFO     [2021-04-05 15:11:50,941]  Window: "1"
[LINE:197]# INFO     [2021-04-05 15:11:51,046]  Content primit: "b'\x12\xc0wDu\xf7\x00\x04'"
[LINE:224]# INFO     [2021-04-05 15:11:51,047]  Ack Nr: "314603332"
[LINE:225]# INFO     [2021-04-05 15:11:51,047]  Checksum: "30199"
[LINE:226]# INFO     [2021-04-05 15:11:51,047]  Window: "4"
[LINE:197]# INFO     [2021-04-05 15:11:52,040]  Content primit: "b'\x12\xc0wCu\xfa\x00\x02'"
[LINE:224]# INFO     [2021-04-05 15:11:52,045]  Ack Nr: "314603331"
[LINE:225]# INFO     [2021-04-05 15:11:52,045]  Checksum: "30202"
[LINE:226]# INFO     [2021-04-05 15:11:52,045]  Window: "2"
[LINE:197]# INFO     [2021-04-05 15:11:52,156]  Content primit: "b'\x12\xc0wHu\xf4\x00\x03'"
[LINE:224]# INFO     [2021-04-05 15:11:52,161]  Ack Nr: "314603336"
[LINE:225]# INFO     [2021-04-05 15:11:52,161]  Checksum: "30196"
[LINE:226]# INFO     [2021-04-05 15:11:52,161]  Window: "3"
[LINE:197]# INFO     [2021-04-05 15:11:52,161]  Content primit: "b'\x12\xc0wGu\xf4\x00\x04'"
[LINE:224]# INFO     [2021-04-05 15:11:52,167]  Ack Nr: "314603335"
[LINE:225]# INFO     [2021-04-05 15:11:52,167]  Checksum: "30196"
[LINE:226]# INFO     [2021-04-05 15:11:52,167]  Window: "4"
[LINE:197]# INFO     [2021-04-05 15:11:52,262]  Content primit: "b'\x12\xc0wIu\xf2\x00\x04'"
[LINE:224]# INFO     [2021-04-05 15:11:52,262]  Ack Nr: "314603337"
[LINE:225]# INFO     [2021-04-05 15:11:52,262]  Checksum: "30194"
[LINE:226]# INFO     [2021-04-05 15:11:52,263]  Window: "4"
[LINE:197]# INFO     [2021-04-05 15:11:52,275]  Content primit: "b'\x12\xc0wLu\xf0\x00\x03'"
[LINE:224]# INFO     [2021-04-05 15:11:52,280]  Ack Nr: "314603340"
[LINE:225]# INFO     [2021-04-05 15:11:52,280]  Checksum: "30192"
[LINE:226]# INFO     [2021-04-05 15:11:52,280]  Window: "3"
[LINE:197]# INFO     [2021-04-05 15:11:52,285]  Content primit: "b'\x12\xc0wKu\xef\x00\x05'"
[LINE:224]# INFO     [2021-04-05 15:11:52,291]  Ack Nr: "314603339"
[LINE:225]# INFO     [2021-04-05 15:11:52,291]  Checksum: "30191"
[LINE:226]# INFO     [2021-04-05 15:11:52,292]  Window: "5"
[LINE:197]# INFO     [2021-04-05 15:11:52,292]  Content primit: "b'\x12\xc0wJu\xf1\x00\x04'"
[LINE:224]# INFO     [2021-04-05 15:11:52,298]  Ack Nr: "314603338"
[LINE:225]# INFO     [2021-04-05 15:11:52,298]  Checksum: "30193"
[LINE:226]# INFO     [2021-04-05 15:11:52,298]  Window: "4"
[LINE:197]# INFO     [2021-04-05 15:11:52,398]  Content primit: "b'\x12\xc0wNu\xed\x00\x04'"
[LINE:224]# INFO     [2021-04-05 15:11:52,405]  Ack Nr: "314603342"
[LINE:225]# INFO     [2021-04-05 15:11:52,405]  Checksum: "30189"
[LINE:226]# INFO     [2021-04-05 15:11:52,405]  Window: "4"
[LINE:197]# INFO     [2021-04-05 15:11:52,416]  Content primit: "b'\x12\xc0wPu\xee\x00\x01'"
[LINE:224]# INFO     [2021-04-05 15:11:52,422]  Ack Nr: "314603344"
[LINE:225]# INFO     [2021-04-05 15:11:52,422]  Checksum: "30190"
[LINE:226]# INFO     [2021-04-05 15:11:52,422]  Window: "1"
[LINE:197]# INFO     [2021-04-05 15:11:52,432]  Content primit: "b'\x12\xc0wOu\xec\x00\x04'"
[LINE:224]# INFO     [2021-04-05 15:11:52,438]  Ack Nr: "314603343"
[LINE:225]# INFO     [2021-04-05 15:11:52,438]  Checksum: "30188"
[LINE:226]# INFO     [2021-04-05 15:11:52,438]  Window: "4"
[LINE:197]# INFO     [2021-04-05 15:11:53,274]  Content primit: "b'\x12\xc0wMu\xf0\x00\x02'"
[LINE:224]# INFO     [2021-04-05 15:11:53,274]  Ack Nr: "314603341"
[LINE:225]# INFO     [2021-04-05 15:11:53,274]  Checksum: "30192"
[LINE:226]# INFO     [2021-04-05 15:11:53,274]  Window: "2"
[LINE:197]# INFO     [2021-04-05 15:11:53,380]  Content primit: "b'\x12\xc0wRu\xe9\x00\x04'"
[LINE:224]# INFO     [2021-04-05 15:11:53,380]  Ack Nr: "314603346"
[LINE:225]# INFO     [2021-04-05 15:11:53,380]  Checksum: "30185"
[LINE:226]# INFO     [2021-04-05 15:11:53,381]  Window: "4"
[LINE:197]# INFO     [2021-04-05 15:11:53,493]  Content primit: "b'\x12\xc0wSu\xe7\x00\x05'"
[LINE:224]# INFO     [2021-04-05 15:11:53,493]  Ack Nr: "314603347"
[LINE:225]# INFO     [2021-04-05 15:11:53,493]  Checksum: "30183"
[LINE:226]# INFO     [2021-04-05 15:11:53,493]  Window: "5"
[LINE:197]# INFO     [2021-04-05 15:11:53,493]  Content primit: "b'\x12\xc0wTu\xea\x00\x01'"
[LINE:224]# INFO     [2021-04-05 15:11:53,494]  Ack Nr: "314603348"
[LINE:225]# INFO     [2021-04-05 15:11:53,494]  Checksum: "30186"
[LINE:226]# INFO     [2021-04-05 15:11:53,494]  Window: "1"
[LINE:197]# INFO     [2021-04-05 15:11:53,598]  Content primit: "b'\x12\xc0wUu\xe7\x00\x03'"
[LINE:224]# INFO     [2021-04-05 15:11:53,604]  Ack Nr: "314603349"
[LINE:225]# INFO     [2021-04-05 15:11:53,604]  Checksum: "30183"
[LINE:226]# INFO     [2021-04-05 15:11:53,604]  Window: "3"
[LINE:197]# INFO     [2021-04-05 15:11:54,379]  Content primit: "b'\x12\xc0wQu\xed\x00\x01'"
[LINE:224]# INFO     [2021-04-05 15:11:54,384]  Ack Nr: "314603345"
[LINE:225]# INFO     [2021-04-05 15:11:54,384]  Checksum: "30189"
[LINE:226]# INFO     [2021-04-05 15:11:54,384]  Window: "1"
[LINE:197]# INFO     [2021-04-05 15:11:54,500]  Content primit: "b'\x12\xc0wVu\xe7\x00\x02'"
[LINE:224]# INFO     [2021-04-05 15:11:54,505]  Ack Nr: "314603350"
[LINE:225]# INFO     [2021-04-05 15:11:54,505]  Checksum: "30183"
[LINE:226]# INFO     [2021-04-05 15:11:54,506]  Window: "2"
[LINE:197]# INFO     [2021-04-05 15:11:54,608]  Content primit: "b'\x12\xc0wXu\xe2\x00\x05'"
[LINE:224]# INFO     [2021-04-05 15:11:54,613]  Ack Nr: "314603352"
[LINE:225]# INFO     [2021-04-05 15:11:54,613]  Checksum: "30178"
[LINE:226]# INFO     [2021-04-05 15:11:54,613]  Window: "5"
[LINE:197]# INFO     [2021-04-05 15:11:54,613]  Content primit: "b'\x12\xc0wWu\xe4\x00\x04'"
[LINE:224]# INFO     [2021-04-05 15:11:54,615]  Ack Nr: "314603351"
[LINE:225]# INFO     [2021-04-05 15:11:54,615]  Checksum: "30180"
[LINE:226]# INFO     [2021-04-05 15:11:54,615]  Window: "4"
[LINE:197]# INFO     [2021-04-05 15:11:54,723]  Content primit: "b'\x12\xc0w[u\xe0\x00\x04'"
[LINE:224]# INFO     [2021-04-05 15:11:54,730]  Ack Nr: "314603355"
[LINE:225]# INFO     [2021-04-05 15:11:54,730]  Checksum: "30176"
[LINE:226]# INFO     [2021-04-05 15:11:54,730]  Window: "4"
[LINE:197]# INFO     [2021-04-05 15:11:54,740]  Content primit: "b'\x12\xc0wZu\xe1\x00\x04'"
[LINE:224]# INFO     [2021-04-05 15:11:54,746]  Ack Nr: "314603354"
[LINE:225]# INFO     [2021-04-05 15:11:54,746]  Checksum: "30177"
[LINE:226]# INFO     [2021-04-05 15:11:54,746]  Window: "4"
[LINE:197]# INFO     [2021-04-05 15:11:54,751]  Content primit: "b'\x12\xc0wYu\xe2\x00\x04'"
[LINE:224]# INFO     [2021-04-05 15:11:54,756]  Ack Nr: "314603353"
[LINE:225]# INFO     [2021-04-05 15:11:54,756]  Checksum: "30178"
[LINE:226]# INFO     [2021-04-05 15:11:54,756]  Window: "4"
[LINE:197]# INFO     [2021-04-05 15:11:54,867]  Content primit: "b'\x12\xc0w^u\xe0\x00\x01'"
[LINE:224]# INFO     [2021-04-05 15:11:54,870]  Ack Nr: "314603358"
[LINE:225]# INFO     [2021-04-05 15:11:54,870]  Checksum: "30176"
[LINE:226]# INFO     [2021-04-05 15:11:54,870]  Window: "1"
[LINE:197]# INFO     [2021-04-05 15:11:54,870]  Content primit: "b'\x12\xc0w]u\xdd\x00\x05'"
[LINE:224]# INFO     [2021-04-05 15:11:54,875]  Ack Nr: "314603357"
[LINE:225]# INFO     [2021-04-05 15:11:54,875]  Checksum: "30173"
[LINE:226]# INFO     [2021-04-05 15:11:54,875]  Window: "5"
[LINE:197]# INFO     [2021-04-05 15:11:54,875]  Content primit: "b'\x12\xc0w_u\xdd\x00\x03'"
[LINE:224]# INFO     [2021-04-05 15:11:54,882]  Ack Nr: "314603359"
[LINE:225]# INFO     [2021-04-05 15:11:54,882]  Checksum: "30173"
[LINE:226]# INFO     [2021-04-05 15:11:54,882]  Window: "3"
[LINE:197]# INFO     [2021-04-05 15:11:54,977]  Content primit: "b'\x12\xc0w`u\xdc\x00\x03'"
[LINE:224]# INFO     [2021-04-05 15:11:54,982]  Ack Nr: "314603360"
[LINE:225]# INFO     [2021-04-05 15:11:54,982]  Checksum: "30172"
[LINE:226]# INFO     [2021-04-05 15:11:54,982]  Window: "3"
[LINE:197]# INFO     [2021-04-05 15:11:55,730]  Content primit: "b'\x12\xc0w\\u\xe0\x00\x03'"
[LINE:224]# INFO     [2021-04-05 15:11:55,735]  Ack Nr: "314603356"
[LINE:225]# INFO     [2021-04-05 15:11:55,735]  Checksum: "30176"
[LINE:226]# INFO     [2021-04-05 15:11:55,735]  Window: "3"
[LINE:197]# INFO     [2021-04-05 15:11:55,840]  Content primit: "b'\x12\xc0wau\xd9\x00\x05'"
[LINE:224]# INFO     [2021-04-05 15:11:55,846]  Ack Nr: "314603361"
[LINE:225]# INFO     [2021-04-05 15:11:55,846]  Checksum: "30169"
[LINE:226]# INFO     [2021-04-05 15:11:55,846]  Window: "5"
[LINE:197]# INFO     [2021-04-05 15:11:55,846]  Content primit: "b'\x12\xc0wcu\xd9\x00\x03'"
[LINE:224]# INFO     [2021-04-05 15:11:55,846]  Ack Nr: "314603363"
[LINE:225]# INFO     [2021-04-05 15:11:55,846]  Checksum: "30169"
[LINE:226]# INFO     [2021-04-05 15:11:55,847]  Window: "3"
[LINE:197]# INFO     [2021-04-05 15:11:55,852]  Content primit: "b'\x12\xc0wbu\xda\x00\x03'"
[LINE:224]# INFO     [2021-04-05 15:11:55,876]  Ack Nr: "314603362"
[LINE:225]# INFO     [2021-04-05 15:11:55,876]  Checksum: "30170"
[LINE:226]# INFO     [2021-04-05 15:11:55,876]  Window: "3"
[LINE:197]# INFO     [2021-04-05 15:11:55,949]  Content primit: "b'\x12\xc0weu\xd5\x00\x05'"
[LINE:224]# INFO     [2021-04-05 15:11:55,955]  Ack Nr: "314603365"
[LINE:225]# INFO     [2021-04-05 15:11:55,955]  Checksum: "30165"
[LINE:226]# INFO     [2021-04-05 15:11:55,955]  Window: "5"
[LINE:197]# INFO     [2021-04-05 15:11:55,955]  Content primit: "b'\x12\xc0wdu\xd7\x00\x04'"
[LINE:224]# INFO     [2021-04-05 15:11:55,956]  Ack Nr: "314603364"
[LINE:225]# INFO     [2021-04-05 15:11:55,956]  Checksum: "30167"
[LINE:226]# INFO     [2021-04-05 15:11:55,956]  Window: "4"
[LINE:197]# INFO     [2021-04-05 15:11:55,956]  Content primit: "b'\x12\xc0wfu\xd8\x00\x01'"
[LINE:224]# INFO     [2021-04-05 15:11:55,964]  Ack Nr: "314603366"
[LINE:225]# INFO     [2021-04-05 15:11:55,964]  Checksum: "30168"
[LINE:226]# INFO     [2021-04-05 15:11:55,964]  Window: "1"
[LINE:197]# INFO     [2021-04-05 15:11:56,056]  Content primit: "b'\x12\xc0whu\xd5\x00\x02'"
[LINE:224]# INFO     [2021-04-05 15:11:56,064]  Ack Nr: "314603368"
[LINE:225]# INFO     [2021-04-05 15:11:56,064]  Checksum: "30165"
[LINE:226]# INFO     [2021-04-05 15:11:56,064]  Window: "2"
[LINE:197]# INFO     [2021-04-05 15:11:56,064]  Content primit: "b'\x12\xc0wgu\xd3\x00\x05'"
[LINE:224]# INFO     [2021-04-05 15:11:56,070]  Ack Nr: "314603367"
[LINE:225]# INFO     [2021-04-05 15:11:56,070]  Checksum: "30163"
[LINE:226]# INFO     [2021-04-05 15:11:56,070]  Window: "5"
[LINE:197]# INFO     [2021-04-05 15:11:56,070]  Content primit: "b'\x12\xc0wiu\xd3\x00\x03'"
[LINE:224]# INFO     [2021-04-05 15:11:56,081]  Ack Nr: "314603369"
[LINE:225]# INFO     [2021-04-05 15:11:56,081]  Checksum: "30163"
[LINE:226]# INFO     [2021-04-05 15:11:56,081]  Window: "3"
[LINE:197]# INFO     [2021-04-05 15:11:56,091]  Content primit: "b'\x12\xc0wju\xd4\x00\x01'"
[LINE:224]# INFO     [2021-04-05 15:11:56,091]  Ack Nr: "314603370"
[LINE:225]# INFO     [2021-04-05 15:11:56,091]  Checksum: "30164"
[LINE:226]# INFO     [2021-04-05 15:11:56,092]  Window: "1"
[LINE:197]# INFO     [2021-04-05 15:11:56,097]  Content primit: "b'\x12\xc0wku\xcf\x00\x05'"
[LINE:224]# INFO     [2021-04-05 15:11:56,102]  Ack Nr: "314603371"
[LINE:225]# INFO     [2021-04-05 15:11:56,102]  Checksum: "30159"
[LINE:226]# INFO     [2021-04-05 15:11:56,102]  Window: "5"
[LINE:197]# INFO     [2021-04-05 15:11:56,103]  Content primit: "b'\x12\xc0wmu\xd1\x00\x01'"
[LINE:224]# INFO     [2021-04-05 15:11:56,104]  Ack Nr: "314603373"
[LINE:225]# INFO     [2021-04-05 15:11:56,104]  Checksum: "30161"
[LINE:226]# INFO     [2021-04-05 15:11:56,105]  Window: "1"
[LINE:197]# INFO     [2021-04-05 15:11:56,189]  Content primit: "b'\x12\xc0wlu\xd1\x00\x02'"
[LINE:224]# INFO     [2021-04-05 15:11:56,189]  Ack Nr: "314603372"
[LINE:225]# INFO     [2021-04-05 15:11:56,189]  Checksum: "30161"
[LINE:226]# INFO     [2021-04-05 15:11:56,189]  Window: "2"
[LINE:197]# INFO     [2021-04-05 15:11:56,216]  Content primit: "b'\x12\xc0wpu\xcc\x00\x03'"
[LINE:224]# INFO     [2021-04-05 15:11:56,216]  Ack Nr: "314603376"
[LINE:225]# INFO     [2021-04-05 15:11:56,217]  Checksum: "30156"
[LINE:226]# INFO     [2021-04-05 15:11:56,217]  Window: "3"
[LINE:197]# INFO     [2021-04-05 15:11:56,217]  Content primit: "b'\x12\xc0wou\xcc\x00\x04'"
[LINE:224]# INFO     [2021-04-05 15:11:56,217]  Ack Nr: "314603375"
[LINE:225]# INFO     [2021-04-05 15:11:56,217]  Checksum: "30156"
[LINE:226]# INFO     [2021-04-05 15:11:56,217]  Window: "4"
[LINE:197]# INFO     [2021-04-05 15:11:56,217]  Content primit: "b'\x12\xc0wnu\xd0\x00\x01'"
[LINE:224]# INFO     [2021-04-05 15:11:56,217]  Ack Nr: "314603374"
[LINE:225]# INFO     [2021-04-05 15:11:56,217]  Checksum: "30160"
[LINE:226]# INFO     [2021-04-05 15:11:56,217]  Window: "1"
[LINE:197]# INFO     [2021-04-05 15:11:56,324]  Content primit: "b'\x12\xc0wqu\xcc\x00\x02'"
[LINE:224]# INFO     [2021-04-05 15:11:56,329]  Ack Nr: "314603377"
[LINE:225]# INFO     [2021-04-05 15:11:56,330]  Checksum: "30156"
[LINE:226]# INFO     [2021-04-05 15:11:56,330]  Window: "2"
[LINE:197]# INFO     [2021-04-05 15:11:56,436]  Content primit: "b'\x12\xc0wru\xc9\x00\x04'"
[LINE:224]# INFO     [2021-04-05 15:11:56,441]  Ack Nr: "314603378"
[LINE:225]# INFO     [2021-04-05 15:11:56,441]  Checksum: "30153"
[LINE:226]# INFO     [2021-04-05 15:11:56,441]  Window: "4"
[LINE:197]# INFO     [2021-04-05 15:11:56,442]  Content primit: "b'\x12\xc0wsu\xca\x00\x02'"
[LINE:224]# INFO     [2021-04-05 15:11:56,442]  Ack Nr: "314603379"
[LINE:225]# INFO     [2021-04-05 15:11:56,442]  Checksum: "30154"
[LINE:226]# INFO     [2021-04-05 15:11:56,442]  Window: "2"
[LINE:197]# INFO     [2021-04-05 15:11:56,557]  Content primit: "b'\x12\xc0wtu\xc7\x00\x04'"
[LINE:224]# INFO     [2021-04-05 15:11:56,563]  Ack Nr: "314603380"
[LINE:225]# INFO     [2021-04-05 15:11:56,563]  Checksum: "30151"
[LINE:226]# INFO     [2021-04-05 15:11:56,563]  Window: "4"
[LINE:197]# INFO     [2021-04-05 15:11:56,563]  Content primit: "b'\x12\xc0wuu\xc8\x00\x02'"
[LINE:224]# INFO     [2021-04-05 15:11:56,564]  Ack Nr: "314603381"
[LINE:225]# INFO     [2021-04-05 15:11:56,564]  Checksum: "30152"
[LINE:226]# INFO     [2021-04-05 15:11:56,564]  Window: "2"
[LINE:197]# INFO     [2021-04-05 15:11:56,569]  Content primit: "b'\x12\xc0wvu\xc6\x00\x03'"
[LINE:224]# INFO     [2021-04-05 15:11:56,574]  Ack Nr: "314603382"
[LINE:225]# INFO     [2021-04-05 15:11:56,574]  Checksum: "30150"
[LINE:226]# INFO     [2021-04-05 15:11:56,574]  Window: "3"
[LINE:197]# INFO     [2021-04-05 15:11:56,672]  Content primit: "b'\x12\xc0wxu\xc2\x00\x05'"
[LINE:224]# INFO     [2021-04-05 15:11:56,685]  Ack Nr: "314603384"
[LINE:225]# INFO     [2021-04-05 15:11:56,685]  Checksum: "30146"
[LINE:226]# INFO     [2021-04-05 15:11:56,685]  Window: "5"
[LINE:197]# INFO     [2021-04-05 15:11:56,685]  Content primit: "b'\x12\xc0wwu\xc4\x00\x04'"
[LINE:224]# INFO     [2021-04-05 15:11:56,686]  Ack Nr: "314603383"
[LINE:225]# INFO     [2021-04-05 15:11:56,686]  Checksum: "30148"
[LINE:226]# INFO     [2021-04-05 15:11:56,686]  Window: "4"
[LINE:197]# INFO     [2021-04-05 15:11:56,792]  Content primit: "b'\x12\xc0wzu\xc3\x00\x02'"
[LINE:224]# INFO     [2021-04-05 15:11:56,802]  Ack Nr: "314603386"
[LINE:225]# INFO     [2021-04-05 15:11:56,802]  Checksum: "30147"
[LINE:226]# INFO     [2021-04-05 15:11:56,802]  Window: "2"
[LINE:197]# INFO     [2021-04-05 15:11:56,812]  Content primit: "b'\x12\xc0w{u\xc0\x00\x04'"
[LINE:224]# INFO     [2021-04-05 15:11:56,818]  Ack Nr: "314603387"
[LINE:225]# INFO     [2021-04-05 15:11:56,818]  Checksum: "30144"
[LINE:226]# INFO     [2021-04-05 15:11:56,818]  Window: "4"
[LINE:197]# INFO     [2021-04-05 15:11:56,828]  Content primit: "b'\x12\xc0w|u\xc0\x00\x03'"
[LINE:224]# INFO     [2021-04-05 15:11:56,833]  Ack Nr: "314603388"
[LINE:225]# INFO     [2021-04-05 15:11:56,833]  Checksum: "30144"
[LINE:226]# INFO     [2021-04-05 15:11:56,833]  Window: "3"
[LINE:231]# INFO     [2021-04-05 15:11:57,840]  Timeout la asteptare pentru confirmare, retrying...
[LINE:197]# INFO     [2021-04-05 15:11:58,886]  Content primit: "b'\x12\xc0wyu\xc5\x00\x01'"
[LINE:224]# INFO     [2021-04-05 15:11:58,891]  Ack Nr: "314603385"
[LINE:225]# INFO     [2021-04-05 15:11:58,891]  Checksum: "30149"
[LINE:226]# INFO     [2021-04-05 15:11:58,891]  Window: "1"
[LINE:231]# INFO     [2021-04-05 15:11:59,985]  Timeout la asteptare pentru confirmare, retrying...
[LINE:197]# INFO     [2021-04-05 15:12:00,323]  Content primit: "b'\x12\xc0w}u\xbe\x00\x04'"
[LINE:224]# INFO     [2021-04-05 15:12:00,323]  Ack Nr: "314603389"
[LINE:225]# INFO     [2021-04-05 15:12:00,323]  Checksum: "30142"
[LINE:226]# INFO     [2021-04-05 15:12:00,323]  Window: "4"
[LINE:197]# INFO     [2021-04-05 15:12:00,425]  Content primit: "b'\x12\xc0w\x7fu\xbb\x00\x05'"
[LINE:224]# INFO     [2021-04-05 15:12:00,425]  Ack Nr: "314603391"
[LINE:225]# INFO     [2021-04-05 15:12:00,425]  Checksum: "30139"
[LINE:226]# INFO     [2021-04-05 15:12:00,425]  Window: "5"
[LINE:197]# INFO     [2021-04-05 15:12:00,425]  Content primit: "b'\x12\xc0w\x80u\xbb\x00\x04'"
[LINE:224]# INFO     [2021-04-05 15:12:00,425]  Ack Nr: "314603392"
[LINE:225]# INFO     [2021-04-05 15:12:00,426]  Checksum: "30139"
[LINE:226]# INFO     [2021-04-05 15:12:00,426]  Window: "4"
[LINE:197]# INFO     [2021-04-05 15:12:00,440]  Content primit: "b'\x12\xc0w~u\xc0\x00\x01'"
[LINE:224]# INFO     [2021-04-05 15:12:00,448]  Ack Nr: "314603390"
[LINE:225]# INFO     [2021-04-05 15:12:00,448]  Checksum: "30144"
[LINE:226]# INFO     [2021-04-05 15:12:00,448]  Window: "1"
[LINE:197]# INFO     [2021-04-05 15:12:00,458]  Content primit: "b'\x12\xc0w\x81u\xbd\x00\x01'"
[LINE:224]# INFO     [2021-04-05 15:12:00,464]  Ack Nr: "314603393"
[LINE:225]# INFO     [2021-04-05 15:12:00,464]  Checksum: "30141"
[LINE:226]# INFO     [2021-04-05 15:12:00,464]  Window: "1"
[LINE:197]# INFO     [2021-04-05 15:12:00,533]  Content primit: "b'\x12\xc0w\x82u\xb8\x00\x05'"
[LINE:224]# INFO     [2021-04-05 15:12:00,538]  Ack Nr: "314603394"
[LINE:225]# INFO     [2021-04-05 15:12:00,538]  Checksum: "30136"
[LINE:226]# INFO     [2021-04-05 15:12:00,538]  Window: "5"
[LINE:197]# INFO     [2021-04-05 15:12:00,644]  Content primit: "b'\x12\xc0w\x87u\xb3\x00\x05'"
[LINE:224]# INFO     [2021-04-05 15:12:00,681]  Ack Nr: "314603399"
[LINE:225]# INFO     [2021-04-05 15:12:00,681]  Checksum: "30131"
[LINE:226]# INFO     [2021-04-05 15:12:00,681]  Window: "5"
[LINE:197]# INFO     [2021-04-05 15:12:00,686]  Content primit: "b'\x12\xc0w\x84u\xb8\x00\x03'"
[LINE:224]# INFO     [2021-04-05 15:12:00,694]  Ack Nr: "314603396"
[LINE:225]# INFO     [2021-04-05 15:12:00,694]  Checksum: "30136"
[LINE:226]# INFO     [2021-04-05 15:12:00,694]  Window: "3"
[LINE:197]# INFO     [2021-04-05 15:12:00,699]  Content primit: "b'\x12\xc0w\x86u\xb6\x00\x03'"
[LINE:224]# INFO     [2021-04-05 15:12:00,705]  Ack Nr: "314603398"
[LINE:225]# INFO     [2021-04-05 15:12:00,705]  Checksum: "30134"
[LINE:226]# INFO     [2021-04-05 15:12:00,705]  Window: "3"
[LINE:197]# INFO     [2021-04-05 15:12:00,710]  Content primit: "b'\x12\xc0w\x83u\xbb\x00\x01'"
[LINE:224]# INFO     [2021-04-05 15:12:00,715]  Ack Nr: "314603395"
[LINE:225]# INFO     [2021-04-05 15:12:00,715]  Checksum: "30139"
[LINE:226]# INFO     [2021-04-05 15:12:00,716]  Window: "1"
[LINE:197]# INFO     [2021-04-05 15:12:00,721]  Content primit: "b'\x12\xc0w\x85u\xb5\x00\x05'"
[LINE:224]# INFO     [2021-04-05 15:12:00,726]  Ack Nr: "314603397"
[LINE:225]# INFO     [2021-04-05 15:12:00,726]  Checksum: "30133"
[LINE:226]# INFO     [2021-04-05 15:12:00,726]  Window: "5"
[LINE:197]# INFO     [2021-04-05 15:12:00,824]  Content primit: "b'\x12\xc0w\x89u\xb4\x00\x02'"
[LINE:224]# INFO     [2021-04-05 15:12:00,824]  Ack Nr: "314603401"
[LINE:225]# INFO     [2021-04-05 15:12:00,824]  Checksum: "30132"
[LINE:226]# INFO     [2021-04-05 15:12:00,824]  Window: "2"
[LINE:197]# INFO     [2021-04-05 15:12:00,830]  Content primit: "b'\x12\xc0w\x8au\xb3\x00\x02'"
[LINE:224]# INFO     [2021-04-05 15:12:00,836]  Ack Nr: "314603402"
[LINE:225]# INFO     [2021-04-05 15:12:00,836]  Checksum: "30131"
[LINE:226]# INFO     [2021-04-05 15:12:00,836]  Window: "2"
[LINE:197]# INFO     [2021-04-05 15:12:00,846]  Content primit: "b'\x12\xc0w\x8cu\xb2\x00\x01'"
[LINE:224]# INFO     [2021-04-05 15:12:00,851]  Ack Nr: "314603404"
[LINE:225]# INFO     [2021-04-05 15:12:00,851]  Checksum: "30130"
[LINE:226]# INFO     [2021-04-05 15:12:00,852]  Window: "1"
[LINE:197]# INFO     [2021-04-05 15:12:00,857]  Content primit: "b'\x12\xc0w\x8bu\xb3\x00\x01'"
[LINE:224]# INFO     [2021-04-05 15:12:00,862]  Ack Nr: "314603403"
[LINE:225]# INFO     [2021-04-05 15:12:00,862]  Checksum: "30131"
[LINE:226]# INFO     [2021-04-05 15:12:00,862]  Window: "1"
[LINE:197]# INFO     [2021-04-05 15:12:00,867]  Content primit: "b'\x12\xc0w\x88u\xb2\x00\x05'"
[LINE:224]# INFO     [2021-04-05 15:12:00,873]  Ack Nr: "314603400"
[LINE:225]# INFO     [2021-04-05 15:12:00,873]  Checksum: "30130"
[LINE:226]# INFO     [2021-04-05 15:12:00,873]  Window: "5"
[LINE:197]# INFO     [2021-04-05 15:12:00,975]  Content primit: "b'\x12\xc0w\x90u\xad\x00\x02'"
[LINE:224]# INFO     [2021-04-05 15:12:00,988]  Ack Nr: "314603408"
[LINE:225]# INFO     [2021-04-05 15:12:00,988]  Checksum: "30125"
[LINE:226]# INFO     [2021-04-05 15:12:00,988]  Window: "2"
[LINE:197]# INFO     [2021-04-05 15:12:00,998]  Content primit: "b'\x12\xc0w\x8fu\xaf\x00\x01'"
[LINE:224]# INFO     [2021-04-05 15:12:01,006]  Ack Nr: "314603407"
[LINE:225]# INFO     [2021-04-05 15:12:01,006]  Checksum: "30127"
[LINE:226]# INFO     [2021-04-05 15:12:01,006]  Window: "1"
[LINE:197]# INFO     [2021-04-05 15:12:01,011]  Content primit: "b'\x12\xc0w\x8eu\xac\x00\x05'"
[LINE:224]# INFO     [2021-04-05 15:12:01,016]  Ack Nr: "314603406"
[LINE:225]# INFO     [2021-04-05 15:12:01,016]  Checksum: "30124"
[LINE:226]# INFO     [2021-04-05 15:12:01,016]  Window: "5"
[LINE:197]# INFO     [2021-04-05 15:12:01,022]  Content primit: "b'\x12\xc0w\x8du\xad\x00\x05'"
[LINE:224]# INFO     [2021-04-05 15:12:01,028]  Ack Nr: "314603405"
[LINE:225]# INFO     [2021-04-05 15:12:01,028]  Checksum: "30125"
[LINE:226]# INFO     [2021-04-05 15:12:01,028]  Window: "5"
[LINE:197]# INFO     [2021-04-05 15:12:01,130]  Content primit: "b'\x12\xc0w\x95u\xa9\x00\x01'"
[LINE:224]# INFO     [2021-04-05 15:12:01,278]  Ack Nr: "314603413"
[LINE:225]# INFO     [2021-04-05 15:12:01,278]  Checksum: "30121"
[LINE:226]# INFO     [2021-04-05 15:12:01,278]  Window: "1"
[LINE:197]# INFO     [2021-04-05 15:12:01,288]  Content primit: "b'\x12\xc0w\x93u\xa7\x00\x05'"
[LINE:224]# INFO     [2021-04-05 15:12:01,294]  Ack Nr: "314603411"
[LINE:225]# INFO     [2021-04-05 15:12:01,294]  Checksum: "30119"
[LINE:226]# INFO     [2021-04-05 15:12:01,294]  Window: "5"
[LINE:197]# INFO     [2021-04-05 15:12:01,304]  Content primit: "b'\x12\xc0w\x92u\xa9\x00\x04'"
[LINE:224]# INFO     [2021-04-05 15:12:01,308]  Ack Nr: "314603410"
[LINE:225]# INFO     [2021-04-05 15:12:01,308]  Checksum: "30121"
[LINE:226]# INFO     [2021-04-05 15:12:01,309]  Window: "4"
[LINE:197]# INFO     [2021-04-05 15:12:01,319]  Content primit: "b'\x12\xc0w\x94u\xaa\x00\x01'"
[LINE:224]# INFO     [2021-04-05 15:12:01,320]  Ack Nr: "314603412"
[LINE:225]# INFO     [2021-04-05 15:12:01,320]  Checksum: "30122"
[LINE:226]# INFO     [2021-04-05 15:12:01,320]  Window: "1"
[LINE:197]# INFO     [2021-04-05 15:12:01,988]  Content primit: "b'\x12\xc0w\x91u\xaa\x00\x04'"
[LINE:224]# INFO     [2021-04-05 15:12:01,989]  Ack Nr: "314603409"
[LINE:225]# INFO     [2021-04-05 15:12:01,989]  Checksum: "30122"
[LINE:226]# INFO     [2021-04-05 15:12:01,989]  Window: "4"
[LINE:197]# INFO     [2021-04-05 15:12:02,000]  Content primit: "b'\x12\xc0w\x97u\xa5\x00\x03'"
[LINE:224]# INFO     [2021-04-05 15:12:02,005]  Ack Nr: "314603415"
[LINE:225]# INFO     [2021-04-05 15:12:02,005]  Checksum: "30117"
[LINE:226]# INFO     [2021-04-05 15:12:02,005]  Window: "3"
[LINE:197]# INFO     [2021-04-05 15:12:02,095]  Content primit: "b'\x12\xc0w\x99u\xa1\x00\x05'"
[LINE:224]# INFO     [2021-04-05 15:12:02,104]  Ack Nr: "314603417"
[LINE:225]# INFO     [2021-04-05 15:12:02,104]  Checksum: "30113"
[LINE:226]# INFO     [2021-04-05 15:12:02,104]  Window: "5"
[LINE:197]# INFO     [2021-04-05 15:12:02,105]  Content primit: "b'\x12\xc0w\x96u\xa5\x00\x04'"
[LINE:224]# INFO     [2021-04-05 15:12:02,105]  Ack Nr: "314603414"
[LINE:225]# INFO     [2021-04-05 15:12:02,106]  Checksum: "30117"
[LINE:226]# INFO     [2021-04-05 15:12:02,106]  Window: "4"
[LINE:197]# INFO     [2021-04-05 15:12:02,106]  Content primit: "b'\x12\xc0w\x98u\xa3\x00\x04'"
[LINE:224]# INFO     [2021-04-05 15:12:02,112]  Ack Nr: "314603416"
[LINE:225]# INFO     [2021-04-05 15:12:02,112]  Checksum: "30115"
[LINE:226]# INFO     [2021-04-05 15:12:02,112]  Window: "4"
[LINE:197]# INFO     [2021-04-05 15:12:02,202]  Content primit: "b'\x12\xc0w\x9bu\xa3\x00\x01'"
[LINE:224]# INFO     [2021-04-05 15:12:02,208]  Ack Nr: "314603419"
[LINE:225]# INFO     [2021-04-05 15:12:02,208]  Checksum: "30115"
[LINE:226]# INFO     [2021-04-05 15:12:02,208]  Window: "1"
[LINE:197]# INFO     [2021-04-05 15:12:02,208]  Content primit: "b'\x12\xc0w\x9au\xa2\x00\x03'"
[LINE:224]# INFO     [2021-04-05 15:12:02,208]  Ack Nr: "314603418"
[LINE:225]# INFO     [2021-04-05 15:12:02,208]  Checksum: "30114"
[LINE:226]# INFO     [2021-04-05 15:12:02,208]  Window: "3"
[LINE:197]# INFO     [2021-04-05 15:12:02,226]  Content primit: "b'\x12\xc0w\x9cu\xa0\x00\x03'"
[LINE:224]# INFO     [2021-04-05 15:12:02,232]  Ack Nr: "314603420"
[LINE:225]# INFO     [2021-04-05 15:12:02,232]  Checksum: "30112"
[LINE:226]# INFO     [2021-04-05 15:12:02,232]  Window: "3"
[LINE:197]# INFO     [2021-04-05 15:12:02,232]  Content primit: "b'\x12\xc0w\x9du\x9d\x00\x05'"
[LINE:224]# INFO     [2021-04-05 15:12:02,236]  Ack Nr: "314603421"
[LINE:225]# INFO     [2021-04-05 15:12:02,236]  Checksum: "30109"
[LINE:226]# INFO     [2021-04-05 15:12:02,236]  Window: "5"
[LINE:197]# INFO     [2021-04-05 15:12:02,247]  Content primit: "b'\x12\xc0w\xa2u\x9a\x00\x03'"
[LINE:224]# INFO     [2021-04-05 15:12:02,258]  Ack Nr: "314603426"
[LINE:225]# INFO     [2021-04-05 15:12:02,258]  Checksum: "30106"
[LINE:226]# INFO     [2021-04-05 15:12:02,258]  Window: "3"
[LINE:197]# INFO     [2021-04-05 15:12:02,317]  Content primit: "b'\x12\xc0w\x9eu\x9f\x00\x02'"
[LINE:224]# INFO     [2021-04-05 15:12:02,325]  Ack Nr: "314603422"
[LINE:225]# INFO     [2021-04-05 15:12:02,325]  Checksum: "30111"
[LINE:226]# INFO     [2021-04-05 15:12:02,325]  Window: "2"
[LINE:197]# INFO     [2021-04-05 15:12:02,349]  Content primit: "b'\x12\xc0w\xa1u\x99\x00\x05'"
[LINE:224]# INFO     [2021-04-05 15:12:02,355]  Ack Nr: "314603425"
[LINE:225]# INFO     [2021-04-05 15:12:02,355]  Checksum: "30105"
[LINE:226]# INFO     [2021-04-05 15:12:02,355]  Window: "5"
[LINE:197]# INFO     [2021-04-05 15:12:02,355]  Content primit: "b'\x12\xc0w\x9fu\x9d\x00\x03'"
[LINE:224]# INFO     [2021-04-05 15:12:02,356]  Ack Nr: "314603423"
[LINE:225]# INFO     [2021-04-05 15:12:02,356]  Checksum: "30109"
[LINE:226]# INFO     [2021-04-05 15:12:02,356]  Window: "3"
[LINE:197]# INFO     [2021-04-05 15:12:02,361]  Content primit: "b'\x12\xc0w\xa0u\x9e\x00\x01'"
[LINE:224]# INFO     [2021-04-05 15:12:02,366]  Ack Nr: "314603424"
[LINE:225]# INFO     [2021-04-05 15:12:02,366]  Checksum: "30110"
[LINE:226]# INFO     [2021-04-05 15:12:02,366]  Window: "1"
[LINE:197]# INFO     [2021-04-05 15:12:02,372]  Content primit: "b'\x12\xc0w\xa3u\x9a\x00\x02'"
[LINE:224]# INFO     [2021-04-05 15:12:02,377]  Ack Nr: "314603427"
[LINE:225]# INFO     [2021-04-05 15:12:02,377]  Checksum: "30106"
[LINE:226]# INFO     [2021-04-05 15:12:02,377]  Window: "2"
[LINE:197]# INFO     [2021-04-05 15:12:02,383]  Content primit: "b'\x12\xc0w\xa4u\x9a\x00\x01'"
[LINE:224]# INFO     [2021-04-05 15:12:02,388]  Ack Nr: "314603428"
[LINE:225]# INFO     [2021-04-05 15:12:02,388]  Checksum: "30106"
[LINE:226]# INFO     [2021-04-05 15:12:02,388]  Window: "1"
[LINE:197]# INFO     [2021-04-05 15:12:02,487]  Content primit: "b'\x12\xc0w\xa5u\x98\x00\x02'"
[LINE:224]# INFO     [2021-04-05 15:12:02,492]  Ack Nr: "314603429"
[LINE:225]# INFO     [2021-04-05 15:12:02,492]  Checksum: "30104"
[LINE:226]# INFO     [2021-04-05 15:12:02,492]  Window: "2"
[LINE:197]# INFO     [2021-04-05 15:12:02,608]  Content primit: "b'\x12\xc0w\xa7u\x94\x00\x04'"
[LINE:224]# INFO     [2021-04-05 15:12:02,613]  Ack Nr: "314603431"
[LINE:225]# INFO     [2021-04-05 15:12:02,613]  Checksum: "30100"
[LINE:226]# INFO     [2021-04-05 15:12:02,613]  Window: "4"
[LINE:197]# INFO     [2021-04-05 15:12:02,613]  Content primit: "b'\x12\xc0w\xa6u\x97\x00\x02'"
[LINE:224]# INFO     [2021-04-05 15:12:02,614]  Ack Nr: "314603430"
[LINE:225]# INFO     [2021-04-05 15:12:02,614]  Checksum: "30103"
[LINE:226]# INFO     [2021-04-05 15:12:02,614]  Window: "2"
[LINE:197]# INFO     [2021-04-05 15:12:02,725]  Content primit: "b'\x12\xc0w\xa8u\x96\x00\x01'"
[LINE:224]# INFO     [2021-04-05 15:12:02,726]  Ack Nr: "314603432"
[LINE:225]# INFO     [2021-04-05 15:12:02,726]  Checksum: "30102"
[LINE:226]# INFO     [2021-04-05 15:12:02,726]  Window: "1"
[LINE:197]# INFO     [2021-04-05 15:12:02,726]  Content primit: "b'\x12\xc0w\xa9u\x94\x00\x02'"
[LINE:224]# INFO     [2021-04-05 15:12:02,731]  Ack Nr: "314603433"
[LINE:225]# INFO     [2021-04-05 15:12:02,731]  Checksum: "30100"
[LINE:226]# INFO     [2021-04-05 15:12:02,731]  Window: "2"
[LINE:197]# INFO     [2021-04-05 15:12:02,742]  Content primit: "b'\x12\xc0w\xabu\x90\x00\x04'"
[LINE:224]# INFO     [2021-04-05 15:12:02,742]  Ack Nr: "314603435"
[LINE:225]# INFO     [2021-04-05 15:12:02,742]  Checksum: "30096"
[LINE:226]# INFO     [2021-04-05 15:12:02,743]  Window: "4"
[LINE:197]# INFO     [2021-04-05 15:12:02,847]  Content primit: "b'\x12\xc0w\xaau\x94\x00\x01'"
[LINE:224]# INFO     [2021-04-05 15:12:02,848]  Ack Nr: "314603434"
[LINE:225]# INFO     [2021-04-05 15:12:02,848]  Checksum: "30100"
[LINE:226]# INFO     [2021-04-05 15:12:02,848]  Window: "1"
[LINE:197]# INFO     [2021-04-05 15:12:02,848]  Content primit: "b'\x12\xc0w\xadu\x91\x00\x01'"
[LINE:224]# INFO     [2021-04-05 15:12:02,853]  Ack Nr: "314603437"
[LINE:225]# INFO     [2021-04-05 15:12:02,853]  Checksum: "30097"
[LINE:226]# INFO     [2021-04-05 15:12:02,853]  Window: "1"
[LINE:197]# INFO     [2021-04-05 15:12:02,863]  Content primit: "b'\x12\xc0w\xacu\x90\x00\x03'"
[LINE:224]# INFO     [2021-04-05 15:12:02,869]  Ack Nr: "314603436"
[LINE:225]# INFO     [2021-04-05 15:12:02,869]  Checksum: "30096"
[LINE:226]# INFO     [2021-04-05 15:12:02,869]  Window: "3"
[LINE:197]# INFO     [2021-04-05 15:12:02,972]  Content primit: "b'\x12\xc0w\xb0u\x8d\x00\x02'"
[LINE:224]# INFO     [2021-04-05 15:12:02,977]  Ack Nr: "314603440"
[LINE:225]# INFO     [2021-04-05 15:12:02,978]  Checksum: "30093"
[LINE:226]# INFO     [2021-04-05 15:12:02,978]  Window: "2"
[LINE:197]# INFO     [2021-04-05 15:12:02,978]  Content primit: "b'\x12\xc0w\xafu\x8f\x00\x01'"
[LINE:224]# INFO     [2021-04-05 15:12:02,978]  Ack Nr: "314603439"
[LINE:225]# INFO     [2021-04-05 15:12:02,978]  Checksum: "30095"
[LINE:226]# INFO     [2021-04-05 15:12:02,978]  Window: "1"
[LINE:197]# INFO     [2021-04-05 15:12:03,977]  Content primit: "b'\x12\xc0w\xaeu\x8d\x00\x04'"
[LINE:224]# INFO     [2021-04-05 15:12:03,977]  Ack Nr: "314603438"
[LINE:225]# INFO     [2021-04-05 15:12:03,977]  Checksum: "30093"
[LINE:226]# INFO     [2021-04-05 15:12:03,977]  Window: "4"
[LINE:197]# INFO     [2021-04-05 15:12:04,090]  Content primit: "b'\x12\xc0w\xb4u\x87\x00\x04'"
[LINE:224]# INFO     [2021-04-05 15:12:04,092]  Ack Nr: "314603444"
[LINE:225]# INFO     [2021-04-05 15:12:04,092]  Checksum: "30087"
[LINE:226]# INFO     [2021-04-05 15:12:04,092]  Window: "4"
[LINE:197]# INFO     [2021-04-05 15:12:04,092]  Content primit: "b'\x12\xc0w\xb2u\x89\x00\x04'"
[LINE:224]# INFO     [2021-04-05 15:12:04,100]  Ack Nr: "314603442"
[LINE:225]# INFO     [2021-04-05 15:12:04,100]  Checksum: "30089"
[LINE:226]# INFO     [2021-04-05 15:12:04,100]  Window: "4"
[LINE:197]# INFO     [2021-04-05 15:12:04,100]  Content primit: "b'\x12\xc0w\xb3u\x87\x00\x05'"
[LINE:224]# INFO     [2021-04-05 15:12:04,101]  Ack Nr: "314603443"
[LINE:225]# INFO     [2021-04-05 15:12:04,101]  Checksum: "30087"
[LINE:226]# INFO     [2021-04-05 15:12:04,101]  Window: "5"
[LINE:197]# INFO     [2021-04-05 15:12:04,101]  Content primit: "b'\x12\xc0w\xb1u\x8d\x00\x01'"
[LINE:224]# INFO     [2021-04-05 15:12:04,106]  Ack Nr: "314603441"
[LINE:225]# INFO     [2021-04-05 15:12:04,106]  Checksum: "30093"
[LINE:226]# INFO     [2021-04-05 15:12:04,106]  Window: "1"
[LINE:197]# INFO     [2021-04-05 15:12:04,215]  Content primit: "b'\x12\xc0w\xb5u\x86\x00\x04'"
[LINE:224]# INFO     [2021-04-05 15:12:04,220]  Ack Nr: "314603445"
[LINE:225]# INFO     [2021-04-05 15:12:04,220]  Checksum: "30086"
[LINE:226]# INFO     [2021-04-05 15:12:04,220]  Window: "4"
[LINE:197]# INFO     [2021-04-05 15:12:04,324]  Content primit: "b'\x12\xc0w\xb6u\x85\x00\x04'"
[LINE:224]# INFO     [2021-04-05 15:12:04,333]  Ack Nr: "314603446"
[LINE:225]# INFO     [2021-04-05 15:12:04,333]  Checksum: "30085"
[LINE:226]# INFO     [2021-04-05 15:12:04,333]  Window: "4"
[LINE:197]# INFO     [2021-04-05 15:12:04,333]  Content primit: "b'\x12\xc0w\xb8u\x86\x00\x01'"
[LINE:224]# INFO     [2021-04-05 15:12:04,334]  Ack Nr: "314603448"
[LINE:225]# INFO     [2021-04-05 15:12:04,334]  Checksum: "30086"
[LINE:226]# INFO     [2021-04-05 15:12:04,334]  Window: "1"
[LINE:197]# INFO     [2021-04-05 15:12:04,334]  Content primit: "b'\x12\xc0w\xb9u\x84\x00\x02'"
[LINE:224]# INFO     [2021-04-05 15:12:04,340]  Ack Nr: "314603449"
[LINE:225]# INFO     [2021-04-05 15:12:04,340]  Checksum: "30084"
[LINE:226]# INFO     [2021-04-05 15:12:04,340]  Window: "2"
[LINE:197]# INFO     [2021-04-05 15:12:04,340]  Content primit: "b'\x12\xc0w\xb7u\x86\x00\x02'"
[LINE:224]# INFO     [2021-04-05 15:12:04,345]  Ack Nr: "314603447"
[LINE:225]# INFO     [2021-04-05 15:12:04,345]  Checksum: "30086"
[LINE:226]# INFO     [2021-04-05 15:12:04,345]  Window: "2"
[LINE:197]# INFO     [2021-04-05 15:12:04,434]  Content primit: "b'\x12\xc0w\xbau\x80\x00\x05'"
[LINE:224]# INFO     [2021-04-05 15:12:04,439]  Ack Nr: "314603450"
[LINE:225]# INFO     [2021-04-05 15:12:04,439]  Checksum: "30080"
[LINE:226]# INFO     [2021-04-05 15:12:04,439]  Window: "5"
[LINE:197]# INFO     [2021-04-05 15:12:04,464]  Content primit: "b'\x12\xc0w\xbbu\x82\x00\x02'"
[LINE:224]# INFO     [2021-04-05 15:12:04,470]  Ack Nr: "314603451"
[LINE:225]# INFO     [2021-04-05 15:12:04,470]  Checksum: "30082"
[LINE:226]# INFO     [2021-04-05 15:12:04,470]  Window: "2"
[LINE:197]# INFO     [2021-04-05 15:12:04,546]  Content primit: "b'\x12\xc0w\xbcu\x82\x00\x01'"
[LINE:224]# INFO     [2021-04-05 15:12:04,548]  Ack Nr: "314603452"
[LINE:225]# INFO     [2021-04-05 15:12:04,548]  Checksum: "30082"
[LINE:226]# INFO     [2021-04-05 15:12:04,548]  Window: "1"
[LINE:197]# INFO     [2021-04-05 15:12:04,559]  Content primit: "b'\x12\xc0w\xbfu{\x00\x05'"
[LINE:224]# INFO     [2021-04-05 15:12:04,559]  Ack Nr: "314603455"
[LINE:225]# INFO     [2021-04-05 15:12:04,559]  Checksum: "30075"
[LINE:226]# INFO     [2021-04-05 15:12:04,559]  Window: "5"
[LINE:197]# INFO     [2021-04-05 15:12:04,559]  Content primit: "b'\x12\xc0w\xbeu\x7f\x00\x02'"
[LINE:224]# INFO     [2021-04-05 15:12:04,563]  Ack Nr: "314603454"
[LINE:225]# INFO     [2021-04-05 15:12:04,563]  Checksum: "30079"
[LINE:226]# INFO     [2021-04-05 15:12:04,563]  Window: "2"
[LINE:197]# INFO     [2021-04-05 15:12:05,549]  Content primit: "b'\x12\xc0w\xbdu\x81\x00\x01'"
[LINE:224]# INFO     [2021-04-05 15:12:05,555]  Ack Nr: "314603453"
[LINE:225]# INFO     [2021-04-05 15:12:05,555]  Checksum: "30081"
[LINE:226]# INFO     [2021-04-05 15:12:05,555]  Window: "1"
[LINE:197]# INFO     [2021-04-05 15:12:05,660]  Content primit: "b'\x12\xc0w\xc0u~\x00\x01'"
[LINE:224]# INFO     [2021-04-05 15:12:05,660]  Ack Nr: "314603456"
[LINE:225]# INFO     [2021-04-05 15:12:05,660]  Checksum: "30078"
[LINE:226]# INFO     [2021-04-05 15:12:05,660]  Window: "1"
[LINE:197]# INFO     [2021-04-05 15:12:05,774]  Content primit: "b'\x12\xc0w\xc1uz\x00\x04'"
[LINE:224]# INFO     [2021-04-05 15:12:05,774]  Ack Nr: "314603457"
[LINE:225]# INFO     [2021-04-05 15:12:05,774]  Checksum: "30074"
[LINE:226]# INFO     [2021-04-05 15:12:05,774]  Window: "4"
[LINE:197]# INFO     [2021-04-05 15:12:05,877]  Content primit: "b'\x12\xc0w\xc3uw\x00\x05'"
[LINE:224]# INFO     [2021-04-05 15:12:05,885]  Ack Nr: "314603459"
[LINE:225]# INFO     [2021-04-05 15:12:05,885]  Checksum: "30071"
[LINE:226]# INFO     [2021-04-05 15:12:05,885]  Window: "5"
[LINE:197]# INFO     [2021-04-05 15:12:05,885]  Content primit: "b'\x12\xc0w\xc4uv\x00\x05'"
[LINE:224]# INFO     [2021-04-05 15:12:05,885]  Ack Nr: "314603460"
[LINE:225]# INFO     [2021-04-05 15:12:05,885]  Checksum: "30070"
[LINE:226]# INFO     [2021-04-05 15:12:05,885]  Window: "5"
[LINE:197]# INFO     [2021-04-05 15:12:05,885]  Content primit: "b'\x12\xc0w\xc2u{\x00\x02'"
[LINE:224]# INFO     [2021-04-05 15:12:05,891]  Ack Nr: "314603458"
[LINE:225]# INFO     [2021-04-05 15:12:05,891]  Checksum: "30075"
[LINE:226]# INFO     [2021-04-05 15:12:05,891]  Window: "2"
[LINE:197]# INFO     [2021-04-05 15:12:05,896]  Content primit: "b'\x12\xc0w\xc5uv\x00\x04'"
[LINE:224]# INFO     [2021-04-05 15:12:05,897]  Ack Nr: "314603461"
[LINE:225]# INFO     [2021-04-05 15:12:05,897]  Checksum: "30070"
[LINE:226]# INFO     [2021-04-05 15:12:05,897]  Window: "4"
[LINE:197]# INFO     [2021-04-05 15:12:06,001]  Content primit: "b'\x12\xc0w\xc8ut\x00\x03'"
[LINE:224]# INFO     [2021-04-05 15:12:06,003]  Ack Nr: "314603464"
[LINE:225]# INFO     [2021-04-05 15:12:06,003]  Checksum: "30068"
[LINE:226]# INFO     [2021-04-05 15:12:06,003]  Window: "3"
[LINE:197]# INFO     [2021-04-05 15:12:06,014]  Content primit: "b'\x12\xc0w\xc6uw\x00\x02'"
[LINE:224]# INFO     [2021-04-05 15:12:06,019]  Ack Nr: "314603462"
[LINE:225]# INFO     [2021-04-05 15:12:06,019]  Checksum: "30071"
[LINE:226]# INFO     [2021-04-05 15:12:06,019]  Window: "2"
[LINE:197]# INFO     [2021-04-05 15:12:06,029]  Content primit: "b'\x12\xc0w\xc7uu\x00\x03'"
[LINE:224]# INFO     [2021-04-05 15:12:06,034]  Ack Nr: "314603463"
[LINE:225]# INFO     [2021-04-05 15:12:06,034]  Checksum: "30069"
[LINE:226]# INFO     [2021-04-05 15:12:06,034]  Window: "3"
[LINE:197]# INFO     [2021-04-05 15:12:06,035]  Content primit: "b'\x12\xc0w\xc9ut\x00\x02'"
[LINE:224]# INFO     [2021-04-05 15:12:06,040]  Ack Nr: "314603465"
[LINE:225]# INFO     [2021-04-05 15:12:06,040]  Checksum: "30068"
[LINE:226]# INFO     [2021-04-05 15:12:06,040]  Window: "2"
[LINE:197]# INFO     [2021-04-05 15:12:06,142]  Content primit: "b'\x12\xc0w\xcbuo\x00\x05'"
[LINE:224]# INFO     [2021-04-05 15:12:06,142]  Ack Nr: "314603467"
[LINE:225]# INFO     [2021-04-05 15:12:06,143]  Checksum: "30063"
[LINE:226]# INFO     [2021-04-05 15:12:06,143]  Window: "5"
[LINE:197]# INFO     [2021-04-05 15:12:06,143]  Content primit: "b'\x12\xc0w\xcauq\x00\x04'"
[LINE:224]# INFO     [2021-04-05 15:12:06,143]  Ack Nr: "314603466"
[LINE:225]# INFO     [2021-04-05 15:12:06,143]  Checksum: "30065"
[LINE:226]# INFO     [2021-04-05 15:12:06,144]  Window: "4"
[LINE:197]# INFO     [2021-04-05 15:12:06,247]  Content primit: "b'\x12\xc0w\xccuo\x00\x04'"
[LINE:224]# INFO     [2021-04-05 15:12:06,251]  Ack Nr: "314603468"
[LINE:225]# INFO     [2021-04-05 15:12:06,251]  Checksum: "30063"
[LINE:226]# INFO     [2021-04-05 15:12:06,251]  Window: "4"
[LINE:197]# INFO     [2021-04-05 15:12:06,251]  Content primit: "b'\x12\xc0w\xcdup\x00\x02'"
[LINE:224]# INFO     [2021-04-05 15:12:06,258]  Ack Nr: "314603469"
[LINE:225]# INFO     [2021-04-05 15:12:06,258]  Checksum: "30064"
[LINE:226]# INFO     [2021-04-05 15:12:06,258]  Window: "2"
[LINE:197]# INFO     [2021-04-05 15:12:06,263]  Content primit: "b'\x12\xc0w\xceuo\x00\x02'"
[LINE:224]# INFO     [2021-04-05 15:12:06,263]  Ack Nr: "314603470"
[LINE:225]# INFO     [2021-04-05 15:12:06,263]  Checksum: "30063"
[LINE:226]# INFO     [2021-04-05 15:12:06,263]  Window: "2"
[LINE:197]# INFO     [2021-04-05 15:12:06,352]  Content primit: "b'\x12\xc0w\xd0um\x00\x02'"
[LINE:224]# INFO     [2021-04-05 15:12:06,357]  Ack Nr: "314603472"
[LINE:225]# INFO     [2021-04-05 15:12:06,357]  Checksum: "30061"
[LINE:226]# INFO     [2021-04-05 15:12:06,357]  Window: "2"
[LINE:197]# INFO     [2021-04-05 15:12:07,253]  Content primit: "b'\x12\xc0w\xcfum\x00\x03'"
[LINE:224]# INFO     [2021-04-05 15:12:07,259]  Ack Nr: "314603471"
[LINE:225]# INFO     [2021-04-05 15:12:07,259]  Checksum: "30061"
[LINE:226]# INFO     [2021-04-05 15:12:07,259]  Window: "3"
[LINE:197]# INFO     [2021-04-05 15:12:07,362]  Content primit: "b'\x12\xc0w\xd2uk\x00\x02'"
[LINE:224]# INFO     [2021-04-05 15:12:07,368]  Ack Nr: "314603474"
[LINE:225]# INFO     [2021-04-05 15:12:07,368]  Checksum: "30059"
[LINE:226]# INFO     [2021-04-05 15:12:07,368]  Window: "2"
[LINE:197]# INFO     [2021-04-05 15:12:07,378]  Content primit: "b'\x12\xc0w\xd1uk\x00\x03'"
[LINE:224]# INFO     [2021-04-05 15:12:07,383]  Ack Nr: "314603473"
[LINE:225]# INFO     [2021-04-05 15:12:07,383]  Checksum: "30059"
[LINE:226]# INFO     [2021-04-05 15:12:07,383]  Window: "3"
[LINE:197]# INFO     [2021-04-05 15:12:07,384]  Content primit: "b'\x12\xc0w\xd3ui\x00\x03'"
[LINE:224]# INFO     [2021-04-05 15:12:07,385]  Ack Nr: "314603475"
[LINE:225]# INFO     [2021-04-05 15:12:07,385]  Checksum: "30057"
[LINE:226]# INFO     [2021-04-05 15:12:07,385]  Window: "3"
[LINE:197]# INFO     [2021-04-05 15:12:07,395]  Content primit: "b'\x12\xc0w\xd6uf\x00\x03'"
[LINE:224]# INFO     [2021-04-05 15:12:07,401]  Ack Nr: "314603478"
[LINE:225]# INFO     [2021-04-05 15:12:07,401]  Checksum: "30054"
[LINE:226]# INFO     [2021-04-05 15:12:07,402]  Window: "3"
[LINE:197]# INFO     [2021-04-05 15:12:07,490]  Content primit: "b'\x12\xc0w\xd5uh\x00\x02'"
[LINE:224]# INFO     [2021-04-05 15:12:07,496]  Ack Nr: "314603477"
[LINE:225]# INFO     [2021-04-05 15:12:07,496]  Checksum: "30056"
[LINE:226]# INFO     [2021-04-05 15:12:07,496]  Window: "2"
[LINE:197]# INFO     [2021-04-05 15:12:08,501]  Content primit: "b'\x12\xc0w\xd4ui\x00\x02'"
[LINE:224]# INFO     [2021-04-05 15:12:08,501]  Ack Nr: "314603476"
[LINE:225]# INFO     [2021-04-05 15:12:08,501]  Checksum: "30057"
[LINE:226]# INFO     [2021-04-05 15:12:08,501]  Window: "2"
[LINE:197]# INFO     [2021-04-05 15:12:08,611]  Content primit: "b'\x12\xc0w\xd7uf\x00\x02'"
[LINE:224]# INFO     [2021-04-05 15:12:08,616]  Ack Nr: "314603479"
[LINE:225]# INFO     [2021-04-05 15:12:08,617]  Checksum: "30054"
[LINE:226]# INFO     [2021-04-05 15:12:08,617]  Window: "2"
[LINE:197]# INFO     [2021-04-05 15:12:08,617]  Content primit: "b'\x12\xc0w\xd8ue\x00\x02'"
[LINE:224]# INFO     [2021-04-05 15:12:08,622]  Ack Nr: "314603480"
[LINE:225]# INFO     [2021-04-05 15:12:08,622]  Checksum: "30053"
[LINE:226]# INFO     [2021-04-05 15:12:08,622]  Window: "2"
[LINE:197]# INFO     [2021-04-05 15:12:08,633]  Content primit: "b'\x12\xc0w\xdaub\x00\x03'"
[LINE:224]# INFO     [2021-04-05 15:12:08,638]  Ack Nr: "314603482"
[LINE:225]# INFO     [2021-04-05 15:12:08,638]  Checksum: "30050"
[LINE:226]# INFO     [2021-04-05 15:12:08,638]  Window: "3"
[LINE:197]# INFO     [2021-04-05 15:12:08,649]  Content primit: "b'\x12\xc0w\xdbu`\x00\x04'"
[LINE:224]# INFO     [2021-04-05 15:12:08,650]  Ack Nr: "314603483"
[LINE:225]# INFO     [2021-04-05 15:12:08,650]  Checksum: "30048"
[LINE:226]# INFO     [2021-04-05 15:12:08,650]  Window: "4"
[LINE:197]# INFO     [2021-04-05 15:12:08,732]  Content primit: "b'\x12\xc0w\xd9uc\x00\x03'"
[LINE:224]# INFO     [2021-04-05 15:12:08,737]  Ack Nr: "314603481"
[LINE:225]# INFO     [2021-04-05 15:12:08,737]  Checksum: "30051"
[LINE:226]# INFO     [2021-04-05 15:12:08,737]  Window: "3"
[LINE:197]# INFO     [2021-04-05 15:12:08,841]  Content primit: "b'\x12\xc0w\xddua\x00\x01'"
[LINE:224]# INFO     [2021-04-05 15:12:08,846]  Ack Nr: "314603485"
[LINE:225]# INFO     [2021-04-05 15:12:08,846]  Checksum: "30049"
[LINE:226]# INFO     [2021-04-05 15:12:08,846]  Window: "1"
[LINE:197]# INFO     [2021-04-05 15:12:08,851]  Content primit: "b'\x12\xc0w\xdeu_\x00\x02'"
[LINE:224]# INFO     [2021-04-05 15:12:08,857]  Ack Nr: "314603486"
[LINE:225]# INFO     [2021-04-05 15:12:08,857]  Checksum: "30047"
[LINE:226]# INFO     [2021-04-05 15:12:08,857]  Window: "2"
[LINE:197]# INFO     [2021-04-05 15:12:09,661]  Content primit: "b'\x12\xc0w\xdcub\x00\x01'"
[LINE:224]# INFO     [2021-04-05 15:12:09,666]  Ack Nr: "314603484"
[LINE:225]# INFO     [2021-04-05 15:12:09,666]  Checksum: "30050"
[LINE:226]# INFO     [2021-04-05 15:12:09,666]  Window: "1"
[LINE:197]# INFO     [2021-04-05 15:12:09,783]  Content primit: "b'\x12\xc0w\xdfu\\\x00\x04'"
[LINE:224]# INFO     [2021-04-05 15:12:09,788]  Ack Nr: "314603487"
[LINE:225]# INFO     [2021-04-05 15:12:09,789]  Checksum: "30044"
[LINE:226]# INFO     [2021-04-05 15:12:09,789]  Window: "4"
[LINE:197]# INFO     [2021-04-05 15:12:09,895]  Content primit: "b'\x12\xc0w\xe2uX\x00\x05'"
[LINE:224]# INFO     [2021-04-05 15:12:09,900]  Ack Nr: "314603490"
[LINE:225]# INFO     [2021-04-05 15:12:09,900]  Checksum: "30040"
[LINE:226]# INFO     [2021-04-05 15:12:09,900]  Window: "5"
[LINE:197]# INFO     [2021-04-05 15:12:09,900]  Content primit: "b'\x12\xc0w\xe3uX\x00\x04'"
[LINE:224]# INFO     [2021-04-05 15:12:09,901]  Ack Nr: "314603491"
[LINE:225]# INFO     [2021-04-05 15:12:09,901]  Checksum: "30040"
[LINE:226]# INFO     [2021-04-05 15:12:09,901]  Window: "4"
[LINE:197]# INFO     [2021-04-05 15:12:09,901]  Content primit: "b'\x12\xc0w\xe1u\\\x00\x02'"
[LINE:224]# INFO     [2021-04-05 15:12:09,907]  Ack Nr: "314603489"
[LINE:225]# INFO     [2021-04-05 15:12:09,907]  Checksum: "30044"
[LINE:226]# INFO     [2021-04-05 15:12:09,907]  Window: "2"
[LINE:197]# INFO     [2021-04-05 15:12:10,001]  Content primit: "b'\x12\xc0w\xe4uZ\x00\x01'"
[LINE:224]# INFO     [2021-04-05 15:12:10,007]  Ack Nr: "314603492"
[LINE:225]# INFO     [2021-04-05 15:12:10,007]  Checksum: "30042"
[LINE:226]# INFO     [2021-04-05 15:12:10,007]  Window: "1"
[LINE:197]# INFO     [2021-04-05 15:12:10,899]  Content primit: "b'\x12\xc0w\xe0u[\x00\x04'"
[LINE:224]# INFO     [2021-04-05 15:12:10,899]  Ack Nr: "314603488"
[LINE:225]# INFO     [2021-04-05 15:12:10,899]  Checksum: "30043"
[LINE:226]# INFO     [2021-04-05 15:12:10,899]  Window: "4"
[LINE:197]# INFO     [2021-04-05 15:12:10,910]  Content primit: "b'\x12\xc0w\xe7uV\x00\x02'"
[LINE:224]# INFO     [2021-04-05 15:12:10,918]  Ack Nr: "314603495"
[LINE:225]# INFO     [2021-04-05 15:12:10,919]  Checksum: "30038"
[LINE:226]# INFO     [2021-04-05 15:12:10,919]  Window: "2"
[LINE:197]# INFO     [2021-04-05 15:12:11,007]  Content primit: "b'\x12\xc0w\xe8uS\x00\x04'"
[LINE:224]# INFO     [2021-04-05 15:12:11,013]  Ack Nr: "314603496"
[LINE:225]# INFO     [2021-04-05 15:12:11,013]  Checksum: "30035"
[LINE:226]# INFO     [2021-04-05 15:12:11,013]  Window: "4"
[LINE:197]# INFO     [2021-04-05 15:12:11,023]  Content primit: "b'\x12\xc0w\xe5uV\x00\x04'"
[LINE:224]# INFO     [2021-04-05 15:12:11,029]  Ack Nr: "314603493"
[LINE:225]# INFO     [2021-04-05 15:12:11,029]  Checksum: "30038"
[LINE:226]# INFO     [2021-04-05 15:12:11,029]  Window: "4"
[LINE:197]# INFO     [2021-04-05 15:12:11,029]  Content primit: "b'\x12\xc0w\xe6uU\x00\x04'"
[LINE:224]# INFO     [2021-04-05 15:12:11,029]  Ack Nr: "314603494"
[LINE:225]# INFO     [2021-04-05 15:12:11,029]  Checksum: "30037"
[LINE:226]# INFO     [2021-04-05 15:12:11,029]  Window: "4"
[LINE:197]# INFO     [2021-04-05 15:12:11,133]  Content primit: "b'\x12\xc0w\xebuR\x00\x02'"
[LINE:224]# INFO     [2021-04-05 15:12:11,146]  Ack Nr: "314603499"
[LINE:225]# INFO     [2021-04-05 15:12:11,146]  Checksum: "30034"
[LINE:226]# INFO     [2021-04-05 15:12:11,146]  Window: "2"
[LINE:197]# INFO     [2021-04-05 15:12:11,146]  Content primit: "b'\x12\xc0w\xecuQ\x00\x02'"
[LINE:224]# INFO     [2021-04-05 15:12:11,153]  Ack Nr: "314603500"
[LINE:225]# INFO     [2021-04-05 15:12:11,153]  Checksum: "30033"
[LINE:226]# INFO     [2021-04-05 15:12:11,153]  Window: "2"
[LINE:197]# INFO     [2021-04-05 15:12:12,147]  Content primit: "b'\x12\xc0w\xe9uR\x00\x04'"
[LINE:224]# INFO     [2021-04-05 15:12:12,147]  Ack Nr: "314603497"
[LINE:225]# INFO     [2021-04-05 15:12:12,147]  Checksum: "30034"
[LINE:226]# INFO     [2021-04-05 15:12:12,147]  Window: "4"
[LINE:197]# INFO     [2021-04-05 15:12:12,246]  Content primit: "b'\x12\xc0w\xeauS\x00\x02'"
[LINE:224]# INFO     [2021-04-05 15:12:12,246]  Ack Nr: "314603498"
[LINE:225]# INFO     [2021-04-05 15:12:12,246]  Checksum: "30035"
[LINE:226]# INFO     [2021-04-05 15:12:12,246]  Window: "2"
[LINE:197]# INFO     [2021-04-05 15:12:12,263]  Content primit: "b'\x12\xc0w\xeduP\x00\x02'"
[LINE:224]# INFO     [2021-04-05 15:12:12,268]  Ack Nr: "314603501"
[LINE:225]# INFO     [2021-04-05 15:12:12,268]  Checksum: "30032"
[LINE:226]# INFO     [2021-04-05 15:12:12,269]  Window: "2"
[LINE:197]# INFO     [2021-04-05 15:12:12,352]  Content primit: "b'\x12\xc0w\xeeuO\x00\x02'"
[LINE:224]# INFO     [2021-04-05 15:12:12,358]  Ack Nr: "314603502"
[LINE:225]# INFO     [2021-04-05 15:12:12,358]  Checksum: "30031"
[LINE:226]# INFO     [2021-04-05 15:12:12,358]  Window: "2"
[LINE:197]# INFO     [2021-04-05 15:12:12,378]  Content primit: "b'\x12\xc0w\xefuO\x00\x01'"
[LINE:224]# INFO     [2021-04-05 15:12:12,384]  Ack Nr: "314603503"
[LINE:225]# INFO     [2021-04-05 15:12:12,384]  Checksum: "30031"
[LINE:226]# INFO     [2021-04-05 15:12:12,384]  Window: "1"
[LINE:197]# INFO     [2021-04-05 15:12:12,467]  Content primit: "b'\x12\xc0w\xf0uN\x00\x01'"
[LINE:224]# INFO     [2021-04-05 15:12:12,473]  Ack Nr: "314603504"
[LINE:225]# INFO     [2021-04-05 15:12:12,473]  Checksum: "30030"
[LINE:226]# INFO     [2021-04-05 15:12:12,473]  Window: "1"
[LINE:197]# INFO     [2021-04-05 15:12:12,588]  Content primit: "b'\x12\xc0w\xf1uJ\x00\x04'"
[LINE:224]# INFO     [2021-04-05 15:12:12,594]  Ack Nr: "314603505"
[LINE:225]# INFO     [2021-04-05 15:12:12,594]  Checksum: "30026"
[LINE:226]# INFO     [2021-04-05 15:12:12,594]  Window: "4"
[LINE:197]# INFO     [2021-04-05 15:12:12,700]  Content primit: "b'\x12\xc0w\xf5uF\x00\x04'"
[LINE:224]# INFO     [2021-04-05 15:12:12,706]  Ack Nr: "314603509"
[LINE:225]# INFO     [2021-04-05 15:12:12,706]  Checksum: "30022"
[LINE:226]# INFO     [2021-04-05 15:12:12,706]  Window: "4"
[LINE:197]# INFO     [2021-04-05 15:12:12,711]  Content primit: "b'\x12\xc0w\xf2uH\x00\x05'"
[LINE:224]# INFO     [2021-04-05 15:12:12,716]  Ack Nr: "314603506"
[LINE:225]# INFO     [2021-04-05 15:12:12,716]  Checksum: "30024"
[LINE:226]# INFO     [2021-04-05 15:12:12,716]  Window: "5"
[LINE:197]# INFO     [2021-04-05 15:12:12,716]  Content primit: "b'\x12\xc0w\xf4uH\x00\x03'"
[LINE:224]# INFO     [2021-04-05 15:12:12,717]  Ack Nr: "314603508"
[LINE:225]# INFO     [2021-04-05 15:12:12,717]  Checksum: "30024"
[LINE:226]# INFO     [2021-04-05 15:12:12,717]  Window: "3"
[LINE:197]# INFO     [2021-04-05 15:12:12,722]  Content primit: "b'\x12\xc0w\xf3uH\x00\x04'"
[LINE:224]# INFO     [2021-04-05 15:12:12,730]  Ack Nr: "314603507"
[LINE:225]# INFO     [2021-04-05 15:12:12,731]  Checksum: "30024"
[LINE:226]# INFO     [2021-04-05 15:12:12,731]  Window: "4"
[LINE:197]# INFO     [2021-04-05 15:12:12,820]  Content primit: "b'\x12\xc0w\xf7uD\x00\x04'"
[LINE:224]# INFO     [2021-04-05 15:12:12,827]  Ack Nr: "314603511"
[LINE:225]# INFO     [2021-04-05 15:12:12,827]  Checksum: "30020"
[LINE:226]# INFO     [2021-04-05 15:12:12,827]  Window: "4"
[LINE:197]# INFO     [2021-04-05 15:12:12,832]  Content primit: "b'\x12\xc0w\xf6uH\x00\x01'"
[LINE:224]# INFO     [2021-04-05 15:12:12,833]  Ack Nr: "314603510"
[LINE:225]# INFO     [2021-04-05 15:12:12,833]  Checksum: "30024"
[LINE:226]# INFO     [2021-04-05 15:12:12,833]  Window: "1"
[LINE:197]# INFO     [2021-04-05 15:12:12,838]  Content primit: "b'\x12\xc0w\xf8uB\x00\x05'"
[LINE:224]# INFO     [2021-04-05 15:12:12,838]  Ack Nr: "314603512"
[LINE:225]# INFO     [2021-04-05 15:12:12,838]  Checksum: "30018"
[LINE:226]# INFO     [2021-04-05 15:12:12,838]  Window: "5"
[LINE:197]# INFO     [2021-04-05 15:12:12,838]  Content primit: "b'\x12\xc0w\xf9uC\x00\x03'"
[LINE:224]# INFO     [2021-04-05 15:12:12,839]  Ack Nr: "314603513"
[LINE:225]# INFO     [2021-04-05 15:12:12,839]  Checksum: "30019"
[LINE:226]# INFO     [2021-04-05 15:12:12,839]  Window: "3"
[LINE:197]# INFO     [2021-04-05 15:12:12,943]  Content primit: "b'\x12\xc0w\xfdu@\x00\x02'"
[LINE:224]# INFO     [2021-04-05 15:12:12,944]  Ack Nr: "314603517"
[LINE:225]# INFO     [2021-04-05 15:12:12,944]  Checksum: "30016"
[LINE:226]# INFO     [2021-04-05 15:12:12,944]  Window: "2"
[LINE:197]# INFO     [2021-04-05 15:12:12,944]  Content primit: "b'\x12\xc0w\xfbuA\x00\x03'"
[LINE:224]# INFO     [2021-04-05 15:12:12,949]  Ack Nr: "314603515"
[LINE:225]# INFO     [2021-04-05 15:12:12,949]  Checksum: "30017"
[LINE:226]# INFO     [2021-04-05 15:12:12,949]  Window: "3"
[LINE:197]# INFO     [2021-04-05 15:12:12,954]  Content primit: "b'\x12\xc0w\xfcu>\x00\x05'"
[LINE:224]# INFO     [2021-04-05 15:12:12,954]  Ack Nr: "314603516"
[LINE:225]# INFO     [2021-04-05 15:12:12,955]  Checksum: "30014"
[LINE:226]# INFO     [2021-04-05 15:12:12,955]  Window: "5"
[LINE:197]# INFO     [2021-04-05 15:12:12,955]  Content primit: "b'\x12\xc0w\xfauC\x00\x02'"
[LINE:224]# INFO     [2021-04-05 15:12:12,955]  Ack Nr: "314603514"
[LINE:225]# INFO     [2021-04-05 15:12:12,955]  Checksum: "30019"
[LINE:226]# INFO     [2021-04-05 15:12:12,955]  Window: "2"
[LINE:197]# INFO     [2021-04-05 15:12:13,058]  Content primit: "b'\x12\xc0w\xfeu<\x00\x05'"
[LINE:224]# INFO     [2021-04-05 15:12:13,058]  Ack Nr: "314603518"
[LINE:225]# INFO     [2021-04-05 15:12:13,058]  Checksum: "30012"
[LINE:226]# INFO     [2021-04-05 15:12:13,058]  Window: "5"
[LINE:197]# INFO     [2021-04-05 15:12:13,075]  Content primit: "b'\x12\xc0w\xffu>\x00\x02'"
[LINE:224]# INFO     [2021-04-05 15:12:13,082]  Ack Nr: "314603519"
[LINE:225]# INFO     [2021-04-05 15:12:13,082]  Checksum: "30014"
[LINE:226]# INFO     [2021-04-05 15:12:13,082]  Window: "2"
[LINE:197]# INFO     [2021-04-05 15:12:13,157]  Content primit: "b'\x12\xc0x\x01u=\x00\x01'"
[LINE:224]# INFO     [2021-04-05 15:12:13,162]  Ack Nr: "314603521"
[LINE:225]# INFO     [2021-04-05 15:12:13,162]  Checksum: "30013"
[LINE:226]# INFO     [2021-04-05 15:12:13,162]  Window: "1"
[LINE:197]# INFO     [2021-04-05 15:12:13,172]  Content primit: "b'\x12\xc0x\x02u:\x00\x03'"
[LINE:224]# INFO     [2021-04-05 15:12:13,173]  Ack Nr: "314603522"
[LINE:225]# INFO     [2021-04-05 15:12:13,173]  Checksum: "30010"
[LINE:226]# INFO     [2021-04-05 15:12:13,173]  Window: "3"
[LINE:197]# INFO     [2021-04-05 15:12:13,173]  Content primit: "b'\x12\xc0x\x03u7\x00\x05'"
[LINE:224]# INFO     [2021-04-05 15:12:13,181]  Ack Nr: "314603523"
[LINE:225]# INFO     [2021-04-05 15:12:13,181]  Checksum: "30007"
[LINE:226]# INFO     [2021-04-05 15:12:13,181]  Window: "5"
[LINE:197]# INFO     [2021-04-05 15:12:13,181]  Content primit: "b'\x12\xc0x\x00u>\x00\x01'"
[LINE:224]# INFO     [2021-04-05 15:12:13,187]  Ack Nr: "314603520"
[LINE:225]# INFO     [2021-04-05 15:12:13,187]  Checksum: "30014"
[LINE:226]# INFO     [2021-04-05 15:12:13,187]  Window: "1"
[LINE:197]# INFO     [2021-04-05 15:12:13,298]  Content primit: "b'\x12\xc0x\x04u7\x00\x04'"
[LINE:224]# INFO     [2021-04-05 15:12:13,303]  Ack Nr: "314603524"
[LINE:225]# INFO     [2021-04-05 15:12:13,303]  Checksum: "30007"
[LINE:226]# INFO     [2021-04-05 15:12:13,303]  Window: "4"
[LINE:197]# INFO     [2021-04-05 15:12:13,406]  Content primit: "b'\x12\xc0x\x05u8\x00\x02'"
[LINE:224]# INFO     [2021-04-05 15:12:13,406]  Ack Nr: "314603525"
[LINE:225]# INFO     [2021-04-05 15:12:13,406]  Checksum: "30008"
[LINE:226]# INFO     [2021-04-05 15:12:13,406]  Window: "2"
[LINE:197]# INFO     [2021-04-05 15:12:13,406]  Content primit: "b'\x12\xc0x\x07u6\x00\x02'"
[LINE:224]# INFO     [2021-04-05 15:12:13,411]  Ack Nr: "314603527"
[LINE:225]# INFO     [2021-04-05 15:12:13,411]  Checksum: "30006"
[LINE:226]# INFO     [2021-04-05 15:12:13,412]  Window: "2"
[LINE:197]# INFO     [2021-04-05 15:12:13,422]  Content primit: "b'\x12\xc0x\x06u4\x00\x05'"
[LINE:224]# INFO     [2021-04-05 15:12:13,427]  Ack Nr: "314603526"
[LINE:225]# INFO     [2021-04-05 15:12:13,427]  Checksum: "30004"
[LINE:226]# INFO     [2021-04-05 15:12:13,427]  Window: "5"
[LINE:197]# INFO     [2021-04-05 15:12:13,531]  Content primit: "b'\x12\xc0x\nu4\x00\x01'"
[LINE:224]# INFO     [2021-04-05 15:12:13,537]  Ack Nr: "314603530"
[LINE:225]# INFO     [2021-04-05 15:12:13,537]  Checksum: "30004"
[LINE:226]# INFO     [2021-04-05 15:12:13,537]  Window: "1"
[LINE:197]# INFO     [2021-04-05 15:12:13,537]  Content primit: "b'\x12\xc0x\x0bu/\x00\x05'"
[LINE:224]# INFO     [2021-04-05 15:12:13,540]  Ack Nr: "314603531"
[LINE:225]# INFO     [2021-04-05 15:12:13,540]  Checksum: "29999"
[LINE:226]# INFO     [2021-04-05 15:12:13,540]  Window: "5"
[LINE:197]# INFO     [2021-04-05 15:12:13,540]  Content primit: "b'\x12\xc0x\x0cu1\x00\x02'"
[LINE:224]# INFO     [2021-04-05 15:12:13,548]  Ack Nr: "314603532"
[LINE:225]# INFO     [2021-04-05 15:12:13,548]  Checksum: "30001"
[LINE:226]# INFO     [2021-04-05 15:12:13,548]  Window: "2"
[LINE:197]# INFO     [2021-04-05 15:12:13,548]  Content primit: "b'\x12\xc0x\tu5\x00\x01'"
[LINE:224]# INFO     [2021-04-05 15:12:13,553]  Ack Nr: "314603529"
[LINE:225]# INFO     [2021-04-05 15:12:13,554]  Checksum: "30005"
[LINE:226]# INFO     [2021-04-05 15:12:13,554]  Window: "1"
[LINE:231]# INFO     [2021-04-05 15:12:14,560]  Timeout la asteptare pentru confirmare, retrying...
[LINE:197]# INFO     [2021-04-05 15:12:15,630]  Content primit: "b'\x12\xc0x\x08u4\x00\x03'"
[LINE:224]# INFO     [2021-04-05 15:12:15,630]  Ack Nr: "314603528"
[LINE:225]# INFO     [2021-04-05 15:12:15,630]  Checksum: "30004"
[LINE:226]# INFO     [2021-04-05 15:12:15,630]  Window: "3"
[LINE:197]# INFO     [2021-04-05 15:12:15,746]  Content primit: "b'\x12\xc0x\x0fu.\x00\x02'"
[LINE:224]# INFO     [2021-04-05 15:12:15,746]  Ack Nr: "314603535"
[LINE:225]# INFO     [2021-04-05 15:12:15,746]  Checksum: "29998"
[LINE:226]# INFO     [2021-04-05 15:12:15,746]  Window: "2"
[LINE:197]# INFO     [2021-04-05 15:12:15,751]  Content primit: "b'\x12\xc0x\ru0\x00\x02'"
[LINE:224]# INFO     [2021-04-05 15:12:15,751]  Ack Nr: "314603533"
[LINE:225]# INFO     [2021-04-05 15:12:15,752]  Checksum: "30000"
[LINE:226]# INFO     [2021-04-05 15:12:15,752]  Window: "2"
[LINE:197]# INFO     [2021-04-05 15:12:15,752]  Content primit: "b'\x12\xc0x\x0eu/\x00\x02'"
[LINE:224]# INFO     [2021-04-05 15:12:15,752]  Ack Nr: "314603534"
[LINE:225]# INFO     [2021-04-05 15:12:15,752]  Checksum: "29999"
[LINE:226]# INFO     [2021-04-05 15:12:15,752]  Window: "2"
[LINE:231]# INFO     [2021-04-05 15:12:16,757]  Timeout la asteptare pentru confirmare, retrying...
[LINE:197]# INFO     [2021-04-05 15:12:17,184]  Content primit: "b'\x12\xc0x\x10u*\x00\x05'"
[LINE:224]# INFO     [2021-04-05 15:12:17,190]  Ack Nr: "314603536"
[LINE:225]# INFO     [2021-04-05 15:12:17,190]  Checksum: "29994"
[LINE:226]# INFO     [2021-04-05 15:12:17,190]  Window: "5"
[LINE:197]# INFO     [2021-04-05 15:12:17,295]  Content primit: "b'\x12\xc0x\x12u*\x00\x03'"
[LINE:224]# INFO     [2021-04-05 15:12:17,307]  Ack Nr: "314603538"
[LINE:225]# INFO     [2021-04-05 15:12:17,307]  Checksum: "29994"
[LINE:226]# INFO     [2021-04-05 15:12:17,307]  Window: "3"
[LINE:197]# INFO     [2021-04-05 15:12:17,317]  Content primit: "b'\x12\xc0x\x13u)\x00\x03'"
[LINE:224]# INFO     [2021-04-05 15:12:17,335]  Ack Nr: "314603539"
[LINE:225]# INFO     [2021-04-05 15:12:17,335]  Checksum: "29993"
[LINE:226]# INFO     [2021-04-05 15:12:17,335]  Window: "3"
[LINE:197]# INFO     [2021-04-05 15:12:17,340]  Content primit: "b'\x12\xc0x\x15u%\x00\x05'"
[LINE:224]# INFO     [2021-04-05 15:12:17,349]  Ack Nr: "314603541"
[LINE:225]# INFO     [2021-04-05 15:12:17,349]  Checksum: "29989"
[LINE:226]# INFO     [2021-04-05 15:12:17,349]  Window: "5"
[LINE:197]# INFO     [2021-04-05 15:12:17,354]  Content primit: "b'\x12\xc0x\x14u(\x00\x03'"
[LINE:224]# INFO     [2021-04-05 15:12:17,368]  Ack Nr: "314603540"
[LINE:225]# INFO     [2021-04-05 15:12:17,368]  Checksum: "29992"
[LINE:226]# INFO     [2021-04-05 15:12:17,368]  Window: "3"
[LINE:197]# INFO     [2021-04-05 15:12:18,304]  Content primit: "b'\x12\xc0x\x11u-\x00\x01'"
[LINE:224]# INFO     [2021-04-05 15:12:18,310]  Ack Nr: "314603537"
[LINE:225]# INFO     [2021-04-05 15:12:18,310]  Checksum: "29997"
[LINE:226]# INFO     [2021-04-05 15:12:18,310]  Window: "1"
[LINE:197]# INFO     [2021-04-05 15:12:18,418]  Content primit: "b'\x12\xc0x\x16u(\x00\x01'"
[LINE:224]# INFO     [2021-04-05 15:12:18,423]  Ack Nr: "314603542"
[LINE:225]# INFO     [2021-04-05 15:12:18,423]  Checksum: "29992"
[LINE:226]# INFO     [2021-04-05 15:12:18,423]  Window: "1"
[LINE:197]# INFO     [2021-04-05 15:12:18,543]  Content primit: "b'\x12\xc0x\x17u#\x00\x05'"
[LINE:224]# INFO     [2021-04-05 15:12:18,548]  Ack Nr: "314603543"
[LINE:225]# INFO     [2021-04-05 15:12:18,548]  Checksum: "29987"
[LINE:226]# INFO     [2021-04-05 15:12:18,548]  Window: "5"
[LINE:197]# INFO     [2021-04-05 15:12:18,665]  Content primit: "b'\x12\xc0x\x1au"\x00\x03'"
[LINE:224]# INFO     [2021-04-05 15:12:18,670]  Ack Nr: "314603546"
[LINE:225]# INFO     [2021-04-05 15:12:18,670]  Checksum: "29986"
[LINE:226]# INFO     [2021-04-05 15:12:18,670]  Window: "3"
[LINE:197]# INFO     [2021-04-05 15:12:18,680]  Content primit: "b'\x12\xc0x\x19u!\x00\x05'"
[LINE:224]# INFO     [2021-04-05 15:12:18,686]  Ack Nr: "314603545"
[LINE:225]# INFO     [2021-04-05 15:12:18,686]  Checksum: "29985"
[LINE:226]# INFO     [2021-04-05 15:12:18,686]  Window: "5"
[LINE:197]# INFO     [2021-04-05 15:12:18,686]  Content primit: "b'\x12\xc0x\x1cu\x1e\x00\x05'"
[LINE:224]# INFO     [2021-04-05 15:12:18,694]  Ack Nr: "314603548"
[LINE:225]# INFO     [2021-04-05 15:12:18,694]  Checksum: "29982"
[LINE:226]# INFO     [2021-04-05 15:12:18,694]  Window: "5"
[LINE:197]# INFO     [2021-04-05 15:12:19,649]  Content primit: "b'\x12\xc0x\x18u$\x00\x03'"
[LINE:224]# INFO     [2021-04-05 15:12:19,649]  Ack Nr: "314603544"
[LINE:225]# INFO     [2021-04-05 15:12:19,650]  Checksum: "29988"
[LINE:226]# INFO     [2021-04-05 15:12:19,650]  Window: "3"
[LINE:197]# INFO     [2021-04-05 15:12:19,754]  Content primit: "b'\x12\xc0x\x1bu\x1f\x00\x05'"
[LINE:224]# INFO     [2021-04-05 15:12:19,759]  Ack Nr: "314603547"
[LINE:225]# INFO     [2021-04-05 15:12:19,759]  Checksum: "29983"
[LINE:226]# INFO     [2021-04-05 15:12:19,759]  Window: "5"
[LINE:197]# INFO     [2021-04-05 15:12:19,760]  Content primit: "b'\x12\xc0x\x1du \x00\x02'"
[LINE:224]# INFO     [2021-04-05 15:12:19,761]  Ack Nr: "314603549"
[LINE:225]# INFO     [2021-04-05 15:12:19,761]  Checksum: "29984"
[LINE:226]# INFO     [2021-04-05 15:12:19,761]  Window: "2"
[LINE:197]# INFO     [2021-04-05 15:12:19,870]  Content primit: "b'\x12\xc0x\x1eu\x1c\x00\x05'"
[LINE:224]# INFO     [2021-04-05 15:12:19,877]  Ack Nr: "314603550"
[LINE:225]# INFO     [2021-04-05 15:12:19,877]  Checksum: "29980"
[LINE:226]# INFO     [2021-04-05 15:12:19,877]  Window: "5"
[LINE:197]# INFO     [2021-04-05 15:12:19,877]  Content primit: "b'\x12\xc0x!u\x19\x00\x05'"
[LINE:224]# INFO     [2021-04-05 15:12:19,878]  Ack Nr: "314603553"
[LINE:225]# INFO     [2021-04-05 15:12:19,878]  Checksum: "29977"
[LINE:226]# INFO     [2021-04-05 15:12:19,878]  Window: "5"
[LINE:197]# INFO     [2021-04-05 15:12:19,889]  Content primit: "b'\x12\xc0x u\x1b\x00\x04'"
[LINE:224]# INFO     [2021-04-05 15:12:19,894]  Ack Nr: "314603552"
[LINE:225]# INFO     [2021-04-05 15:12:19,894]  Checksum: "29979"
[LINE:226]# INFO     [2021-04-05 15:12:19,894]  Window: "4"
[LINE:197]# INFO     [2021-04-05 15:12:19,979]  Content primit: "b'\x12\xc0x#u\x19\x00\x03'"
[LINE:224]# INFO     [2021-04-05 15:12:19,985]  Ack Nr: "314603555"
[LINE:225]# INFO     [2021-04-05 15:12:19,985]  Checksum: "29977"
[LINE:226]# INFO     [2021-04-05 15:12:19,985]  Window: "3"
[LINE:197]# INFO     [2021-04-05 15:12:19,985]  Content primit: "b'\x12\xc0x"u\x19\x00\x04'"
[LINE:224]# INFO     [2021-04-05 15:12:19,986]  Ack Nr: "314603554"
[LINE:225]# INFO     [2021-04-05 15:12:19,986]  Checksum: "29977"
[LINE:226]# INFO     [2021-04-05 15:12:19,986]  Window: "4"
[LINE:197]# INFO     [2021-04-05 15:12:20,863]  Content primit: "b'\x12\xc0x\x1fu\x1f\x00\x01'"
[LINE:224]# INFO     [2021-04-05 15:12:20,863]  Ack Nr: "314603551"
[LINE:225]# INFO     [2021-04-05 15:12:20,863]  Checksum: "29983"
[LINE:226]# INFO     [2021-04-05 15:12:20,863]  Window: "1"
[LINE:197]# INFO     [2021-04-05 15:12:20,980]  Content primit: "b'\x12\xc0x$u\x17\x00\x04'"
[LINE:224]# INFO     [2021-04-05 15:12:20,980]  Ack Nr: "314603556"
[LINE:225]# INFO     [2021-04-05 15:12:20,980]  Checksum: "29975"
[LINE:226]# INFO     [2021-04-05 15:12:20,980]  Window: "4"
[LINE:197]# INFO     [2021-04-05 15:12:21,082]  Content primit: "b'\x12\xc0x&u\x16\x00\x03'"
[LINE:224]# INFO     [2021-04-05 15:12:21,083]  Ack Nr: "314603558"
[LINE:225]# INFO     [2021-04-05 15:12:21,083]  Checksum: "29974"
[LINE:226]# INFO     [2021-04-05 15:12:21,083]  Window: "3"
[LINE:197]# INFO     [2021-04-05 15:12:21,083]  Content primit: "b"\x12\xc0x'u\x17\x00\x01""
[LINE:224]# INFO     [2021-04-05 15:12:21,088]  Ack Nr: "314603559"
[LINE:225]# INFO     [2021-04-05 15:12:21,088]  Checksum: "29975"
[LINE:226]# INFO     [2021-04-05 15:12:21,088]  Window: "1"
[LINE:197]# INFO     [2021-04-05 15:12:21,093]  Content primit: "b'\x12\xc0x(u\x16\x00\x01'"
[LINE:224]# INFO     [2021-04-05 15:12:21,094]  Ack Nr: "314603560"
[LINE:225]# INFO     [2021-04-05 15:12:21,094]  Checksum: "29974"
[LINE:226]# INFO     [2021-04-05 15:12:21,094]  Window: "1"
[LINE:231]# INFO     [2021-04-05 15:12:22,100]  Timeout la asteptare pentru confirmare, retrying...
[LINE:197]# INFO     [2021-04-05 15:12:23,201]  Content primit: "b'\x12\xc0x%u\x16\x00\x04'"
[LINE:224]# INFO     [2021-04-05 15:12:23,206]  Ack Nr: "314603557"
[LINE:225]# INFO     [2021-04-05 15:12:23,207]  Checksum: "29974"
[LINE:226]# INFO     [2021-04-05 15:12:23,207]  Window: "4"
[LINE:197]# INFO     [2021-04-05 15:12:23,207]  Content primit: "b'\x12\xc0x)u\x11\x00\x05'"
[LINE:224]# INFO     [2021-04-05 15:12:23,220]  Ack Nr: "314603561"
[LINE:225]# INFO     [2021-04-05 15:12:23,220]  Checksum: "29969"
[LINE:226]# INFO     [2021-04-05 15:12:23,220]  Window: "5"
[LINE:197]# INFO     [2021-04-05 15:12:23,313]  Content primit: "b'\x12\xc0x*u\x13\x00\x02'"
[LINE:224]# INFO     [2021-04-05 15:12:23,329]  Ack Nr: "314603562"
[LINE:225]# INFO     [2021-04-05 15:12:23,329]  Checksum: "29971"
[LINE:226]# INFO     [2021-04-05 15:12:23,329]  Window: "2"
[LINE:197]# INFO     [2021-04-05 15:12:23,334]  Content primit: "b'\x12\xc0x,u\x12\x00\x01'"
[LINE:224]# INFO     [2021-04-05 15:12:23,340]  Ack Nr: "314603564"
[LINE:225]# INFO     [2021-04-05 15:12:23,340]  Checksum: "29970"
[LINE:226]# INFO     [2021-04-05 15:12:23,340]  Window: "1"
[LINE:197]# INFO     [2021-04-05 15:12:23,345]  Content primit: "b'\x12\xc0x+u\x11\x00\x03'"
[LINE:224]# INFO     [2021-04-05 15:12:23,352]  Ack Nr: "314603563"
[LINE:225]# INFO     [2021-04-05 15:12:23,352]  Checksum: "29969"
[LINE:226]# INFO     [2021-04-05 15:12:23,353]  Window: "3"
[LINE:197]# INFO     [2021-04-05 15:12:23,353]  Content primit: "b'\x12\xc0x-u\x10\x00\x02'"
[LINE:224]# INFO     [2021-04-05 15:12:23,358]  Ack Nr: "314603565"
[LINE:225]# INFO     [2021-04-05 15:12:23,359]  Checksum: "29968"
[LINE:226]# INFO     [2021-04-05 15:12:23,359]  Window: "2"
[LINE:197]# INFO     [2021-04-05 15:12:23,369]  Content primit: "b'\x12\xc0x.u\x10\x00\x01'"
[LINE:224]# INFO     [2021-04-05 15:12:23,374]  Ack Nr: "314603566"
[LINE:225]# INFO     [2021-04-05 15:12:23,374]  Checksum: "29968"
[LINE:226]# INFO     [2021-04-05 15:12:23,374]  Window: "1"
[LINE:197]# INFO     [2021-04-05 15:12:23,463]  Content primit: "b'\x12\xc0x/u\x0e\x00\x02'"
[LINE:224]# INFO     [2021-04-05 15:12:23,468]  Ack Nr: "314603567"
[LINE:225]# INFO     [2021-04-05 15:12:23,468]  Checksum: "29966"
[LINE:226]# INFO     [2021-04-05 15:12:23,468]  Window: "2"
[LINE:197]# INFO     [2021-04-05 15:12:23,580]  Content primit: "b'\x12\xc0x1u\n\x00\x04'"
[LINE:224]# INFO     [2021-04-05 15:12:23,585]  Ack Nr: "314603569"
[LINE:225]# INFO     [2021-04-05 15:12:23,585]  Checksum: "29962"
[LINE:226]# INFO     [2021-04-05 15:12:23,585]  Window: "4"
[LINE:197]# INFO     [2021-04-05 15:12:23,585]  Content primit: "b'\x12\xc0x0u\x0b\x00\x04'"
[LINE:224]# INFO     [2021-04-05 15:12:23,586]  Ack Nr: "314603568"
[LINE:225]# INFO     [2021-04-05 15:12:23,586]  Checksum: "29963"
[LINE:226]# INFO     [2021-04-05 15:12:23,586]  Window: "4"
[LINE:197]# INFO     [2021-04-05 15:12:23,586]  Content primit: "b'\x12\xc0x2u\x08\x00\x05'"
[LINE:224]# INFO     [2021-04-05 15:12:23,588]  Ack Nr: "314603570"
[LINE:225]# INFO     [2021-04-05 15:12:23,588]  Checksum: "29960"
[LINE:226]# INFO     [2021-04-05 15:12:23,588]  Window: "5"
[LINE:197]# INFO     [2021-04-05 15:12:23,588]  Content primit: "b'\x12\xc0x3u\t\x00\x03'"
[LINE:224]# INFO     [2021-04-05 15:12:23,589]  Ack Nr: "314603571"
[LINE:225]# INFO     [2021-04-05 15:12:23,589]  Checksum: "29961"
[LINE:226]# INFO     [2021-04-05 15:12:23,589]  Window: "3"
[LINE:197]# INFO     [2021-04-05 15:12:23,599]  Content primit: "b'\x12\xc0x4u\x07\x00\x04'"
[LINE:224]# INFO     [2021-04-05 15:12:23,606]  Ack Nr: "314603572"
[LINE:225]# INFO     [2021-04-05 15:12:23,606]  Checksum: "29959"
[LINE:226]# INFO     [2021-04-05 15:12:23,606]  Window: "4"
[LINE:197]# INFO     [2021-04-05 15:12:23,692]  Content primit: "b'\x12\xc0x7u\x03\x00\x05'"
[LINE:224]# INFO     [2021-04-05 15:12:23,698]  Ack Nr: "314603575"
[LINE:225]# INFO     [2021-04-05 15:12:23,698]  Checksum: "29955"
[LINE:226]# INFO     [2021-04-05 15:12:23,698]  Window: "5"
[LINE:197]# INFO     [2021-04-05 15:12:23,698]  Content primit: "b'\x12\xc0x6u\x08\x00\x01'"
[LINE:224]# INFO     [2021-04-05 15:12:23,707]  Ack Nr: "314603574"
[LINE:225]# INFO     [2021-04-05 15:12:23,707]  Checksum: "29960"
[LINE:226]# INFO     [2021-04-05 15:12:23,707]  Window: "1"
[LINE:197]# INFO     [2021-04-05 15:12:23,712]  Content primit: "b'\x12\xc0x5u\x06\x00\x04'"
[LINE:224]# INFO     [2021-04-05 15:12:23,713]  Ack Nr: "314603573"
[LINE:225]# INFO     [2021-04-05 15:12:23,713]  Checksum: "29958"
[LINE:226]# INFO     [2021-04-05 15:12:23,713]  Window: "4"
[LINE:197]# INFO     [2021-04-05 15:12:23,713]  Content primit: "b'\x12\xc0x8u\x04\x00\x03'"
[LINE:224]# INFO     [2021-04-05 15:12:23,718]  Ack Nr: "314603576"
[LINE:225]# INFO     [2021-04-05 15:12:23,718]  Checksum: "29956"
[LINE:226]# INFO     [2021-04-05 15:12:23,718]  Window: "3"
[LINE:197]# INFO     [2021-04-05 15:12:23,807]  Content primit: "b'\x12\xc0x9u\x01\x00\x05'"
[LINE:224]# INFO     [2021-04-05 15:12:23,807]  Ack Nr: "314603577"
[LINE:225]# INFO     [2021-04-05 15:12:23,807]  Checksum: "29953"
[LINE:226]# INFO     [2021-04-05 15:12:23,807]  Window: "5"
[LINE:197]# INFO     [2021-04-05 15:12:23,818]  Content primit: "b'\x12\xc0x;t\xff\x00\x05'"
[LINE:224]# INFO     [2021-04-05 15:12:23,825]  Ack Nr: "314603579"
[LINE:225]# INFO     [2021-04-05 15:12:23,825]  Checksum: "29951"
[LINE:226]# INFO     [2021-04-05 15:12:23,825]  Window: "5"
[LINE:197]# INFO     [2021-04-05 15:12:23,835]  Content primit: "b'\x12\xc0x:u\x01\x00\x04'"
[LINE:224]# INFO     [2021-04-05 15:12:23,846]  Ack Nr: "314603578"
[LINE:225]# INFO     [2021-04-05 15:12:23,846]  Checksum: "29953"
[LINE:226]# INFO     [2021-04-05 15:12:23,846]  Window: "4"
[LINE:197]# INFO     [2021-04-05 15:12:23,910]  Content primit: "b'\x12\xc0x=t\xff\x00\x03'"
[LINE:224]# INFO     [2021-04-05 15:12:23,931]  Ack Nr: "314603581"
[LINE:225]# INFO     [2021-04-05 15:12:23,931]  Checksum: "29951"
[LINE:226]# INFO     [2021-04-05 15:12:23,931]  Window: "3"
[LINE:197]# INFO     [2021-04-05 15:12:23,931]  Content primit: "b'\x12\xc0x>t\xfd\x00\x04'"
[LINE:224]# INFO     [2021-04-05 15:12:23,939]  Ack Nr: "314603582"
[LINE:225]# INFO     [2021-04-05 15:12:23,939]  Checksum: "29949"
[LINE:226]# INFO     [2021-04-05 15:12:23,939]  Window: "4"
[LINE:197]# INFO     [2021-04-05 15:12:23,944]  Content primit: "b'\x12\xc0x<t\xfe\x00\x05'"
[LINE:224]# INFO     [2021-04-05 15:12:23,949]  Ack Nr: "314603580"
[LINE:225]# INFO     [2021-04-05 15:12:23,949]  Checksum: "29950"
[LINE:226]# INFO     [2021-04-05 15:12:23,949]  Window: "5"
[LINE:197]# INFO     [2021-04-05 15:12:23,949]  Content primit: "b'\x12\xc0x?t\xfb\x00\x05'"
[LINE:224]# INFO     [2021-04-05 15:12:24,023]  Ack Nr: "314603583"
[LINE:225]# INFO     [2021-04-05 15:12:24,023]  Checksum: "29947"
[LINE:226]# INFO     [2021-04-05 15:12:24,023]  Window: "5"
[LINE:197]# INFO     [2021-04-05 15:12:24,054]  Content primit: "b'\x12\xc0xCt\xfa\x00\x02'"
[LINE:224]# INFO     [2021-04-05 15:12:24,054]  Ack Nr: "314603587"
[LINE:225]# INFO     [2021-04-05 15:12:24,054]  Checksum: "29946"
[LINE:226]# INFO     [2021-04-05 15:12:24,055]  Window: "2"
[LINE:197]# INFO     [2021-04-05 15:12:24,055]  Content primit: "b'\x12\xc0x@t\xfe\x00\x01'"
[LINE:224]# INFO     [2021-04-05 15:12:24,060]  Ack Nr: "314603584"
[LINE:225]# INFO     [2021-04-05 15:12:24,060]  Checksum: "29950"
[LINE:226]# INFO     [2021-04-05 15:12:24,060]  Window: "1"
[LINE:197]# INFO     [2021-04-05 15:12:24,070]  Content primit: "b'\x12\xc0xBt\xf9\x00\x04'"
[LINE:224]# INFO     [2021-04-05 15:12:24,072]  Ack Nr: "314603586"
[LINE:225]# INFO     [2021-04-05 15:12:24,072]  Checksum: "29945"
[LINE:226]# INFO     [2021-04-05 15:12:24,072]  Window: "4"
[LINE:197]# INFO     [2021-04-05 15:12:24,072]  Content primit: "b'\x12\xc0xAt\xfb\x00\x03'"
[LINE:224]# INFO     [2021-04-05 15:12:24,078]  Ack Nr: "314603585"
[LINE:225]# INFO     [2021-04-05 15:12:24,078]  Checksum: "29947"
[LINE:226]# INFO     [2021-04-05 15:12:24,078]  Window: "3"
[LINE:197]# INFO     [2021-04-05 15:12:24,137]  Content primit: "b'\x12\xc0xDt\xf8\x00\x03'"
[LINE:224]# INFO     [2021-04-05 15:12:24,137]  Ack Nr: "314603588"
[LINE:225]# INFO     [2021-04-05 15:12:24,137]  Checksum: "29944"
[LINE:226]# INFO     [2021-04-05 15:12:24,137]  Window: "3"
[LINE:197]# INFO     [2021-04-05 15:12:24,180]  Content primit: "b'\x12\xc0xEt\xf8\x00\x02'"
[LINE:224]# INFO     [2021-04-05 15:12:24,185]  Ack Nr: "314603589"
[LINE:225]# INFO     [2021-04-05 15:12:24,185]  Checksum: "29944"
[LINE:226]# INFO     [2021-04-05 15:12:24,185]  Window: "2"
[LINE:197]# INFO     [2021-04-05 15:12:24,190]  Content primit: "b'\x12\xc0xFt\xf7\x00\x02'"
[LINE:224]# INFO     [2021-04-05 15:12:24,190]  Ack Nr: "314603590"
[LINE:225]# INFO     [2021-04-05 15:12:24,190]  Checksum: "29943"
[LINE:226]# INFO     [2021-04-05 15:12:24,191]  Window: "2"
[LINE:197]# INFO     [2021-04-05 15:12:24,257]  Content primit: "b'\x12\xc0xGt\xf7\x00\x01'"
[LINE:224]# INFO     [2021-04-05 15:12:24,262]  Ack Nr: "314603591"
[LINE:225]# INFO     [2021-04-05 15:12:24,262]  Checksum: "29943"
[LINE:226]# INFO     [2021-04-05 15:12:24,262]  Window: "1"
[LINE:231]# INFO     [2021-04-05 15:12:25,269]  Timeout la asteptare pentru confirmare, retrying...
[LINE:197]# INFO     [2021-04-05 15:12:25,299]  Content primit: "b'\x12\xc0xHt\xf3\x00\x04'"
[LINE:224]# INFO     [2021-04-05 15:12:25,304]  Ack Nr: "314603592"
[LINE:225]# INFO     [2021-04-05 15:12:25,304]  Checksum: "29939"
[LINE:226]# INFO     [2021-04-05 15:12:25,304]  Window: "4"
[LINE:197]# INFO     [2021-04-05 15:12:25,409]  Content primit: "b'\x12\xc0xKt\xf0\x00\x04'"
[LINE:224]# INFO     [2021-04-05 15:12:25,417]  Ack Nr: "314603595"
[LINE:225]# INFO     [2021-04-05 15:12:25,417]  Checksum: "29936"
[LINE:226]# INFO     [2021-04-05 15:12:25,417]  Window: "4"
[LINE:197]# INFO     [2021-04-05 15:12:25,417]  Content primit: "b'\x12\xc0xJt\xf2\x00\x03'"
[LINE:224]# INFO     [2021-04-05 15:12:25,424]  Ack Nr: "314603594"
[LINE:225]# INFO     [2021-04-05 15:12:25,424]  Checksum: "29938"
[LINE:226]# INFO     [2021-04-05 15:12:25,424]  Window: "3"
[LINE:197]# INFO     [2021-04-05 15:12:25,424]  Content primit: "b'\x12\xc0xIt\xf4\x00\x02'"
[LINE:224]# INFO     [2021-04-05 15:12:25,429]  Ack Nr: "314603593"
[LINE:225]# INFO     [2021-04-05 15:12:25,429]  Checksum: "29940"
[LINE:226]# INFO     [2021-04-05 15:12:25,429]  Window: "2"
[LINE:197]# INFO     [2021-04-05 15:12:25,430]  Content primit: "b'\x12\xc0xLt\xef\x00\x04'"
[LINE:224]# INFO     [2021-04-05 15:12:25,435]  Ack Nr: "314603596"
[LINE:225]# INFO     [2021-04-05 15:12:25,435]  Checksum: "29935"
[LINE:226]# INFO     [2021-04-05 15:12:25,435]  Window: "4"
[LINE:197]# INFO     [2021-04-05 15:12:25,541]  Content primit: "b'\x12\xc0xPt\xed\x00\x02'"
[LINE:224]# INFO     [2021-04-05 15:12:25,547]  Ack Nr: "314603600"
[LINE:225]# INFO     [2021-04-05 15:12:25,547]  Checksum: "29933"
[LINE:226]# INFO     [2021-04-05 15:12:25,547]  Window: "2"
[LINE:197]# INFO     [2021-04-05 15:12:25,557]  Content primit: "b'\x12\xc0xMt\xf0\x00\x02'"
[LINE:224]# INFO     [2021-04-05 15:12:25,562]  Ack Nr: "314603597"
[LINE:225]# INFO     [2021-04-05 15:12:25,562]  Checksum: "29936"
[LINE:226]# INFO     [2021-04-05 15:12:25,562]  Window: "2"
[LINE:197]# INFO     [2021-04-05 15:12:25,573]  Content primit: "b'\x12\xc0xNt\xec\x00\x05'"
[LINE:224]# INFO     [2021-04-05 15:12:25,578]  Ack Nr: "314603598"
[LINE:225]# INFO     [2021-04-05 15:12:25,578]  Checksum: "29932"
[LINE:226]# INFO     [2021-04-05 15:12:25,578]  Window: "5"
[LINE:197]# INFO     [2021-04-05 15:12:25,578]  Content primit: "b'\x12\xc0xOt\xec\x00\x04'"
[LINE:224]# INFO     [2021-04-05 15:12:25,584]  Ack Nr: "314603599"
[LINE:225]# INFO     [2021-04-05 15:12:25,584]  Checksum: "29932"
[LINE:226]# INFO     [2021-04-05 15:12:25,584]  Window: "4"
[LINE:197]# INFO     [2021-04-05 15:12:25,683]  Content primit: "b'\x12\xc0xSt\xe9\x00\x03'"
[LINE:224]# INFO     [2021-04-05 15:12:25,695]  Ack Nr: "314603603"
[LINE:225]# INFO     [2021-04-05 15:12:25,695]  Checksum: "29929"
[LINE:226]# INFO     [2021-04-05 15:12:25,695]  Window: "3"
[LINE:197]# INFO     [2021-04-05 15:12:25,695]  Content primit: "b'\x12\xc0xTt\xea\x00\x01'"
[LINE:224]# INFO     [2021-04-05 15:12:25,700]  Ack Nr: "314603604"
[LINE:225]# INFO     [2021-04-05 15:12:25,700]  Checksum: "29930"
[LINE:226]# INFO     [2021-04-05 15:12:25,700]  Window: "1"
[LINE:197]# INFO     [2021-04-05 15:12:25,710]  Content primit: "b'\x12\xc0xRt\xe9\x00\x04'"
[LINE:224]# INFO     [2021-04-05 15:12:25,716]  Ack Nr: "314603602"
[LINE:225]# INFO     [2021-04-05 15:12:25,716]  Checksum: "29929"
[LINE:226]# INFO     [2021-04-05 15:12:25,716]  Window: "4"
[LINE:197]# INFO     [2021-04-05 15:12:25,726]  Content primit: "b'\x12\xc0xQt\xe9\x00\x05'"
[LINE:224]# INFO     [2021-04-05 15:12:25,726]  Ack Nr: "314603601"
[LINE:225]# INFO     [2021-04-05 15:12:25,726]  Checksum: "29929"
[LINE:226]# INFO     [2021-04-05 15:12:25,726]  Window: "5"
[LINE:197]# INFO     [2021-04-05 15:12:25,834]  Content primit: "b'\x12\xc0xWt\xe7\x00\x01'"
[LINE:224]# INFO     [2021-04-05 15:12:25,839]  Ack Nr: "314603607"
[LINE:225]# INFO     [2021-04-05 15:12:25,839]  Checksum: "29927"
[LINE:226]# INFO     [2021-04-05 15:12:25,839]  Window: "1"
[LINE:197]# INFO     [2021-04-05 15:12:25,839]  Content primit: "b'\x12\xc0xYt\xe5\x00\x01'"
[LINE:224]# INFO     [2021-04-05 15:12:25,839]  Ack Nr: "314603609"
[LINE:225]# INFO     [2021-04-05 15:12:25,839]  Checksum: "29925"
[LINE:226]# INFO     [2021-04-05 15:12:25,839]  Window: "1"
[LINE:197]# INFO     [2021-04-05 15:12:25,850]  Content primit: "b'\x12\xc0xXt\xe3\x00\x04'"
[LINE:224]# INFO     [2021-04-05 15:12:25,850]  Ack Nr: "314603608"
[LINE:225]# INFO     [2021-04-05 15:12:25,850]  Checksum: "29923"
[LINE:226]# INFO     [2021-04-05 15:12:25,850]  Window: "4"
[LINE:197]# INFO     [2021-04-05 15:12:25,855]  Content primit: "b'\x12\xc0xVt\xe5\x00\x04'"
[LINE:224]# INFO     [2021-04-05 15:12:25,855]  Ack Nr: "314603606"
[LINE:225]# INFO     [2021-04-05 15:12:25,855]  Checksum: "29925"
[LINE:226]# INFO     [2021-04-05 15:12:25,855]  Window: "4"
[LINE:197]# INFO     [2021-04-05 15:12:25,866]  Content primit: "b'\x12\xc0xUt\xe5\x00\x05'"
[LINE:224]# INFO     [2021-04-05 15:12:25,866]  Ack Nr: "314603605"
[LINE:225]# INFO     [2021-04-05 15:12:25,866]  Checksum: "29925"
[LINE:226]# INFO     [2021-04-05 15:12:25,866]  Window: "5"
[LINE:197]# INFO     [2021-04-05 15:12:25,968]  Content primit: "b'\x12\xc0x[t\xe2\x00\x02'"
[LINE:224]# INFO     [2021-04-05 15:12:25,982]  Ack Nr: "314603611"
[LINE:225]# INFO     [2021-04-05 15:12:25,982]  Checksum: "29922"
[LINE:226]# INFO     [2021-04-05 15:12:25,983]  Window: "2"
[LINE:197]# INFO     [2021-04-05 15:12:25,993]  Content primit: "b'\x12\xc0x]t\xe1\x00\x01'"
[LINE:224]# INFO     [2021-04-05 15:12:26,001]  Ack Nr: "314603613"
[LINE:225]# INFO     [2021-04-05 15:12:26,001]  Checksum: "29921"
[LINE:226]# INFO     [2021-04-05 15:12:26,001]  Window: "1"
[LINE:197]# INFO     [2021-04-05 15:12:26,011]  Content primit: "b'\x12\xc0x^t\xdd\x00\x04'"
[LINE:224]# INFO     [2021-04-05 15:12:26,017]  Ack Nr: "314603614"
[LINE:225]# INFO     [2021-04-05 15:12:26,017]  Checksum: "29917"
[LINE:226]# INFO     [2021-04-05 15:12:26,017]  Window: "4"
[LINE:197]# INFO     [2021-04-05 15:12:26,022]  Content primit: "b'\x12\xc0xZt\xe3\x00\x02'"
[LINE:224]# INFO     [2021-04-05 15:12:26,028]  Ack Nr: "314603610"
[LINE:225]# INFO     [2021-04-05 15:12:26,028]  Checksum: "29923"
[LINE:226]# INFO     [2021-04-05 15:12:26,028]  Window: "2"
[LINE:197]# INFO     [2021-04-05 15:12:26,033]  Content primit: "b'\x12\xc0x\\t\xe0\x00\x03'"
[LINE:224]# INFO     [2021-04-05 15:12:26,038]  Ack Nr: "314603612"
[LINE:225]# INFO     [2021-04-05 15:12:26,038]  Checksum: "29920"
[LINE:226]# INFO     [2021-04-05 15:12:26,038]  Window: "3"
[LINE:197]# INFO     [2021-04-05 15:12:26,143]  Content primit: "b'\x12\xc0x_t\xdd\x00\x03'"
[LINE:224]# INFO     [2021-04-05 15:12:26,150]  Ack Nr: "314603615"
[LINE:225]# INFO     [2021-04-05 15:12:26,150]  Checksum: "29917"
[LINE:226]# INFO     [2021-04-05 15:12:26,150]  Window: "3"
[LINE:197]# INFO     [2021-04-05 15:12:26,150]  Content primit: "b'\x12\xc0xat\xdc\x00\x02'"
[LINE:224]# INFO     [2021-04-05 15:12:26,150]  Ack Nr: "314603617"
[LINE:225]# INFO     [2021-04-05 15:12:26,150]  Checksum: "29916"
[LINE:226]# INFO     [2021-04-05 15:12:26,151]  Window: "2"
[LINE:197]# INFO     [2021-04-05 15:12:26,156]  Content primit: "b'\x12\xc0x`t\xda\x00\x05'"
[LINE:224]# INFO     [2021-04-05 15:12:26,161]  Ack Nr: "314603616"
[LINE:225]# INFO     [2021-04-05 15:12:26,161]  Checksum: "29914"
[LINE:226]# INFO     [2021-04-05 15:12:26,161]  Window: "5"
[LINE:197]# INFO     [2021-04-05 15:12:26,259]  Content primit: "b'\x12\xc0xbt\xd9\x00\x04'"
[LINE:224]# INFO     [2021-04-05 15:12:26,264]  Ack Nr: "314603618"
[LINE:225]# INFO     [2021-04-05 15:12:26,265]  Checksum: "29913"
[LINE:226]# INFO     [2021-04-05 15:12:26,265]  Window: "4"
[LINE:197]# INFO     [2021-04-05 15:12:26,265]  Content primit: "b'\x12\xc0xet\xd5\x00\x05'"
[LINE:224]# INFO     [2021-04-05 15:12:26,270]  Ack Nr: "314603621"
[LINE:225]# INFO     [2021-04-05 15:12:26,270]  Checksum: "29909"
[LINE:226]# INFO     [2021-04-05 15:12:26,270]  Window: "5"
[LINE:197]# INFO     [2021-04-05 15:12:26,270]  Content primit: "b'\x12\xc0xdt\xd6\x00\x05'"
[LINE:224]# INFO     [2021-04-05 15:12:26,271]  Ack Nr: "314603620"
[LINE:225]# INFO     [2021-04-05 15:12:26,271]  Checksum: "29910"
[LINE:226]# INFO     [2021-04-05 15:12:26,271]  Window: "5"
[LINE:197]# INFO     [2021-04-05 15:12:26,276]  Content primit: "b'\x12\xc0xct\xda\x00\x02'"
[LINE:224]# INFO     [2021-04-05 15:12:26,283]  Ack Nr: "314603619"
[LINE:225]# INFO     [2021-04-05 15:12:26,283]  Checksum: "29914"
[LINE:226]# INFO     [2021-04-05 15:12:26,283]  Window: "2"
[LINE:197]# INFO     [2021-04-05 15:12:26,293]  Content primit: "b'\x12\xc0xft\xd7\x00\x02'"
[LINE:224]# INFO     [2021-04-05 15:12:26,298]  Ack Nr: "314603622"
[LINE:225]# INFO     [2021-04-05 15:12:26,299]  Checksum: "29911"
[LINE:226]# INFO     [2021-04-05 15:12:26,299]  Window: "2"
[LINE:197]# INFO     [2021-04-05 15:12:26,384]  Content primit: "b'\x12\xc0xgt\xd3\x00\x05'"
[LINE:224]# INFO     [2021-04-05 15:12:26,390]  Ack Nr: "314603623"
[LINE:225]# INFO     [2021-04-05 15:12:26,390]  Checksum: "29907"
[LINE:226]# INFO     [2021-04-05 15:12:26,390]  Window: "5"
[LINE:197]# INFO     [2021-04-05 15:12:26,493]  Content primit: "b'\x12\xc0xkt\xd3\x00\x01'"
[LINE:224]# INFO     [2021-04-05 15:12:26,498]  Ack Nr: "314603627"
[LINE:225]# INFO     [2021-04-05 15:12:26,499]  Checksum: "29907"
[LINE:226]# INFO     [2021-04-05 15:12:26,499]  Window: "1"
[LINE:197]# INFO     [2021-04-05 15:12:26,509]  Content primit: "b'\x12\xc0xjt\xd3\x00\x02'"
[LINE:224]# INFO     [2021-04-05 15:12:26,516]  Ack Nr: "314603626"
[LINE:225]# INFO     [2021-04-05 15:12:26,516]  Checksum: "29907"
[LINE:226]# INFO     [2021-04-05 15:12:26,516]  Window: "2"
[LINE:197]# INFO     [2021-04-05 15:12:26,521]  Content primit: "b'\x12\xc0xlt\xd2\x00\x01'"
[LINE:224]# INFO     [2021-04-05 15:12:26,528]  Ack Nr: "314603628"
[LINE:225]# INFO     [2021-04-05 15:12:26,528]  Checksum: "29906"
[LINE:226]# INFO     [2021-04-05 15:12:26,528]  Window: "1"
[LINE:197]# INFO     [2021-04-05 15:12:26,533]  Content primit: "b'\x12\xc0xit\xd3\x00\x03'"
[LINE:224]# INFO     [2021-04-05 15:12:26,539]  Ack Nr: "314603625"
[LINE:225]# INFO     [2021-04-05 15:12:26,539]  Checksum: "29907"
[LINE:226]# INFO     [2021-04-05 15:12:26,540]  Window: "3"
[LINE:197]# INFO     [2021-04-05 15:12:27,405]  Content primit: "b'\x12\xc0xht\xd3\x00\x04'"
[LINE:224]# INFO     [2021-04-05 15:12:27,410]  Ack Nr: "314603624"
[LINE:225]# INFO     [2021-04-05 15:12:27,410]  Checksum: "29907"
[LINE:226]# INFO     [2021-04-05 15:12:27,410]  Window: "4"
[LINE:197]# INFO     [2021-04-05 15:12:27,513]  Content primit: "b'\x12\xc0xot\xcd\x00\x03'"
[LINE:224]# INFO     [2021-04-05 15:12:27,530]  Ack Nr: "314603631"
[LINE:225]# INFO     [2021-04-05 15:12:27,530]  Checksum: "29901"
[LINE:226]# INFO     [2021-04-05 15:12:27,530]  Window: "3"
[LINE:197]# INFO     [2021-04-05 15:12:27,530]  Content primit: "b'\x12\xc0xmt\xd0\x00\x02'"
[LINE:224]# INFO     [2021-04-05 15:12:27,536]  Ack Nr: "314603629"
[LINE:225]# INFO     [2021-04-05 15:12:27,536]  Checksum: "29904"
[LINE:226]# INFO     [2021-04-05 15:12:27,536]  Window: "2"
[LINE:197]# INFO     [2021-04-05 15:12:27,541]  Content primit: "b'\x12\xc0xnt\xcd\x00\x04'"
[LINE:224]# INFO     [2021-04-05 15:12:27,547]  Ack Nr: "314603630"
[LINE:225]# INFO     [2021-04-05 15:12:27,547]  Checksum: "29901"
[LINE:226]# INFO     [2021-04-05 15:12:27,547]  Window: "4"
[LINE:197]# INFO     [2021-04-05 15:12:27,547]  Content primit: "b'\x12\xc0xpt\xca\x00\x05'"
[LINE:224]# INFO     [2021-04-05 15:12:27,548]  Ack Nr: "314603632"
[LINE:225]# INFO     [2021-04-05 15:12:27,548]  Checksum: "29898"
[LINE:226]# INFO     [2021-04-05 15:12:27,548]  Window: "5"
[LINE:197]# INFO     [2021-04-05 15:12:27,650]  Content primit: "b'\x12\xc0xqt\xc9\x00\x05'"
[LINE:224]# INFO     [2021-04-05 15:12:27,666]  Ack Nr: "314603633"
[LINE:225]# INFO     [2021-04-05 15:12:27,666]  Checksum: "29897"
[LINE:226]# INFO     [2021-04-05 15:12:27,666]  Window: "5"
[LINE:197]# INFO     [2021-04-05 15:12:27,666]  Content primit: "b'\x12\xc0xut\xc6\x00\x04'"
[LINE:224]# INFO     [2021-04-05 15:12:27,666]  Ack Nr: "314603637"
[LINE:225]# INFO     [2021-04-05 15:12:27,666]  Checksum: "29894"
[LINE:226]# INFO     [2021-04-05 15:12:27,667]  Window: "4"
[LINE:197]# INFO     [2021-04-05 15:12:27,672]  Content primit: "b'\x12\xc0xrt\xcb\x00\x02'"
[LINE:224]# INFO     [2021-04-05 15:12:27,690]  Ack Nr: "314603634"
[LINE:225]# INFO     [2021-04-05 15:12:27,690]  Checksum: "29899"
[LINE:226]# INFO     [2021-04-05 15:12:27,690]  Window: "2"
[LINE:197]# INFO     [2021-04-05 15:12:27,695]  Content primit: "b'\x12\xc0xtt\xca\x00\x01'"
[LINE:224]# INFO     [2021-04-05 15:12:27,701]  Ack Nr: "314603636"
[LINE:225]# INFO     [2021-04-05 15:12:27,701]  Checksum: "29898"
[LINE:226]# INFO     [2021-04-05 15:12:27,701]  Window: "1"
[LINE:197]# INFO     [2021-04-05 15:12:27,779]  Content primit: "b'\x12\xc0xvt\xc7\x00\x02'"
[LINE:224]# INFO     [2021-04-05 15:12:27,779]  Ack Nr: "314603638"
[LINE:225]# INFO     [2021-04-05 15:12:27,779]  Checksum: "29895"
[LINE:226]# INFO     [2021-04-05 15:12:27,779]  Window: "2"
[LINE:197]# INFO     [2021-04-05 15:12:28,661]  Content primit: "b'\x12\xc0xst\xcb\x00\x01'"
[LINE:224]# INFO     [2021-04-05 15:12:28,661]  Ack Nr: "314603635"
[LINE:225]# INFO     [2021-04-05 15:12:28,661]  Checksum: "29899"
[LINE:226]# INFO     [2021-04-05 15:12:28,661]  Window: "1"
[LINE:197]# INFO     [2021-04-05 15:12:28,760]  Content primit: "b'\x12\xc0xwt\xc3\x00\x05'"
[LINE:224]# INFO     [2021-04-05 15:12:28,765]  Ack Nr: "314603639"
[LINE:225]# INFO     [2021-04-05 15:12:28,765]  Checksum: "29891"
[LINE:226]# INFO     [2021-04-05 15:12:28,765]  Window: "5"
[LINE:197]# INFO     [2021-04-05 15:12:28,862]  Content primit: "b'\x12\xc0xzt\xc3\x00\x02'"
[LINE:224]# INFO     [2021-04-05 15:12:28,869]  Ack Nr: "314603642"
[LINE:225]# INFO     [2021-04-05 15:12:28,869]  Checksum: "29891"
[LINE:226]# INFO     [2021-04-05 15:12:28,869]  Window: "2"
[LINE:197]# INFO     [2021-04-05 15:12:28,879]  Content primit: "b'\x12\xc0xxt\xc3\x00\x04'"
[LINE:224]# INFO     [2021-04-05 15:12:28,885]  Ack Nr: "314603640"
[LINE:225]# INFO     [2021-04-05 15:12:28,885]  Checksum: "29891"
[LINE:226]# INFO     [2021-04-05 15:12:28,885]  Window: "4"
[LINE:197]# INFO     [2021-04-05 15:12:28,895]  Content primit: "b'\x12\xc0x|t\xbf\x00\x04'"
[LINE:224]# INFO     [2021-04-05 15:12:28,901]  Ack Nr: "314603644"
[LINE:225]# INFO     [2021-04-05 15:12:28,901]  Checksum: "29887"
[LINE:226]# INFO     [2021-04-05 15:12:28,901]  Window: "4"
[LINE:197]# INFO     [2021-04-05 15:12:28,911]  Content primit: "b'\x12\xc0x{t\xc1\x00\x03'"
[LINE:224]# INFO     [2021-04-05 15:12:28,916]  Ack Nr: "314603643"
[LINE:225]# INFO     [2021-04-05 15:12:28,916]  Checksum: "29889"
[LINE:226]# INFO     [2021-04-05 15:12:28,916]  Window: "3"
[LINE:197]# INFO     [2021-04-05 15:12:28,927]  Content primit: "b'\x12\xc0xyt\xc1\x00\x05'"
[LINE:224]# INFO     [2021-04-05 15:12:28,932]  Ack Nr: "314603641"
[LINE:225]# INFO     [2021-04-05 15:12:28,932]  Checksum: "29889"
[LINE:226]# INFO     [2021-04-05 15:12:28,932]  Window: "5"
[LINE:231]# INFO     [2021-04-05 15:12:29,932]  Timeout la asteptare pentru confirmare, retrying...
[LINE:110]# INFO     [2021-04-05 15:12:30,031]  Ack Nr: "314603313"
[LINE:111]# INFO     [2021-04-05 15:12:30,031]  Checksum: "30219"
[LINE:112]# INFO     [2021-04-05 15:12:30,031]  Window: "3"
